#
# A fatal error has been detected by the Java Runtime Environment:
#
#  EXCEPTION_ACCESS_VIOLATION (0xc0000005) at pc=0x0000000000000000, pid=2576, tid=12284
#
# JRE version: OpenJDK Runtime Environment (14.0.1+7) (build 14.0.1+7)
# Java VM: OpenJDK 64-Bit Server VM (14.0.1+7, mixed mode, sharing, tiered, compressed oops, g1 gc, windows-amd64)
# Problematic frame:
# C  0x0000000000000000
#
# No core dump will be written. Minidumps are not enabled by default on client versions of Windows
#
# If you would like to submit a bug report, please visit:
#   https://bugreport.java.com/bugreport/crash.jsp
# The crash happened outside the Java Virtual Machine in native code.
# See problematic frame for where to report the bug.
#

---------------  S U M M A R Y ------------

Command Line: -javaagent:C:\Program Files\JetBrains\IntelliJ IDEA Community Edition 2020.1.2\lib\idea_rt.jar=52531:C:\Program Files\JetBrains\IntelliJ IDEA Community Edition 2020.1.2\bin -Dfile.encoding=UTF-8 com.hibiki.GameLauncher

Host: AMD Ryzen 7 2700 Eight-Core Processor          , 16 cores, 15G,  Windows 10 , 64 bit Build 18362 (10.0.18362.959)
Time: Fri Jul 31 00:27:34 2020 W. Europe Daylight Time elapsed time: 112 seconds (0d 0h 1m 52s)

---------------  T H R E A D  ---------------

Current thread (0x000002aa9b25a800):  JavaThread "AWT-Windows" daemon [_thread_in_native, id=12284, stack(0x000000db90200000,0x000000db90300000)]

Stack: [0x000000db90200000,0x000000db90300000],  sp=0x000000db902fe8e8,  free space=1018k
Native frames: (J=compiled Java code, j=interpreted, Vv=VM code, C=native code)

Java frames: (J=compiled Java code, j=interpreted, Vv=VM code)
j  sun.awt.windows.WToolkit.eventLoop()V+0 java.desktop@14.0.1
j  sun.awt.windows.WToolkit.run()V+50 java.desktop@14.0.1
j  java.lang.Thread.run()V+11 java.base@14.0.1
v  ~StubRoutines::call_stub

siginfo: EXCEPTION_ACCESS_VIOLATION (0xc0000005), data execution prevention violation at address 0x0000000000000000


Register to memory mapping:

RIP=0x0 is NULL
RAX=0x0 is NULL
RBX=0x000002aa9b6af600 points into unknown readable memory: 38 a9 4b a0 aa 02 00 00
RCX=0x0 is NULL
RDX=0x000002aaa04ba938 points into unknown readable memory: 58 00 00 00 02 00 00 00
RSP=0x000000db902fe8e8 is pointing into the stack for thread: 0x000002aa9b25a800
RBP=0x0000000000000001 is an unknown value
RSI=0x0 is NULL
RDI=0x000002aa9b32c090 points into unknown readable memory: e0 25 33 9b aa 02 00 00
R8 =0x000002aa9b6af600 points into unknown readable memory: 38 a9 4b a0 aa 02 00 00
R9 =0x0000000000000001 is an unknown value
R10=0x0000000000008000 is an unknown value
R11=0x000000db902fea40 is pointing into the stack for thread: 0x000002aa9b25a800
R12=0x0 is NULL
R13={method} {0x000002aa9a50d110} 'eventLoop' '()V' in 'sun/awt/windows/WToolkit'
R14=0x000000db902fed88 is pointing into the stack for thread: 0x000002aa9b25a800
R15=0x000002aa9b25a800 is a thread


Registers:
RAX=0x0000000000000000, RBX=0x000002aa9b6af600, RCX=0x0000000000000000, RDX=0x000002aaa04ba938
RSP=0x000000db902fe8e8, RBP=0x0000000000000001, RSI=0x0000000000000000, RDI=0x000002aa9b32c090
R8 =0x000002aa9b6af600, R9 =0x0000000000000001, R10=0x0000000000008000, R11=0x000000db902fea40
R12=0x0000000000000000, R13=0x000002aa9a50d108, R14=0x000000db902fed88, R15=0x000002aa9b25a800
RIP=0x0000000000000000, EFLAGS=0x0000000000010202

Top of Stack: (sp=0x000000db902fe8e8)
0x000000db902fe8e8:   00007ff8c3f95dcf 000002aa9b25a800
0x000000db902fe8f8:   000002aa9b25a800 000002aa9b6daaa0
0x000000db902fe908:   00007ff800000001 000002aaf3a8e6c0
0x000000db902fe918:   00007ff8c3f8150e 0000000000000000
0x000000db902fe928:   000002aa9b7ce1e0 00007ff88ab02728
0x000000db902fe938:   000000080040dc28 000002aa9b32c090
0x000000db902fe948:   000002aa9b6af600 fffffffffffffffe
0x000000db902fe958:   fffffffffffffffe 000000db902fed88
0x000000db902fe968:   00007ff8c3f8141e 000002aaf3a8e6c8
0x000000db902fe978:   0000000000000001 0000000000000000
0x000000db902fe988:   00007ff898a0d028 000002aaf3a8e6c8
0x000000db902fe998:   00007ff8c3f7386f 00007ff898a527e0
0x000000db902fe9a8:   0000000000000001 0000000000000000
0x000000db902fe9b8:   000000db902fed88 000002aa9b669a68
0x000000db902fe9c8:   00007ff8c3f83b49 0000000000000000
0x000000db902fe9d8:   000002aa9b6daab0 00007ff898a527e0 

Instructions: (pc=0x0000000000000000)
0xffffffffffffff00:   


Stack slot to memory mapping:
stack at sp + 0 slots: 0x00007ff8c3f95dcf d3d9.dll
stack at sp + 1 slots: 0x000002aa9b25a800 is a thread
stack at sp + 2 slots: 0x000002aa9b25a800 is a thread
stack at sp + 3 slots: 0x000002aa9b6daaa0 points into unknown readable memory: 00 00 00 00 00 00 00 00
stack at sp + 4 slots: 0x00007ff800000001 is an unknown value
stack at sp + 5 slots: 0x000002aaf3a8e6c0 points into unknown readable memory: 78 cb 0b c4 f8 7f 00 00
stack at sp + 6 slots: 0x00007ff8c3f8150e d3d9.dll
stack at sp + 7 slots: 0x0 is NULL


---------------  P R O C E S S  ---------------

Threads class SMR info:
_java_thread_list=0x000002aa9ad05a40, length=21, elements={
0x000002aa9ab9a800, 0x000002aa9ab9b800, 0x000002aa9abb5000, 0x000002aa9abb6000,
0x000002aa9abb7000, 0x000002aa9abc3000, 0x000002aa9abe8800, 0x000002aa9abff800,
0x000002aa9ad0d800, 0x000002aa9ada4000, 0x000002aa9ada5000, 0x000002aa9b253800,
0x000002aa9b256800, 0x000002aa9b25a800, 0x000002aa9adad000, 0x000002aa9b751800,
0x000002aaf3a8d800, 0x000002aa9b7ec800, 0x000002aaa18ff800, 0x000002aaa1906000,
0x000002aaa1903800
}

Java Threads: ( => current thread )
  0x000002aa9ab9a800 JavaThread "Reference Handler" daemon [_thread_blocked, id=19004, stack(0x000000db8f100000,0x000000db8f200000)]
  0x000002aa9ab9b800 JavaThread "Finalizer" daemon [_thread_blocked, id=16768, stack(0x000000db8f200000,0x000000db8f300000)]
  0x000002aa9abb5000 JavaThread "Signal Dispatcher" daemon [_thread_blocked, id=6392, stack(0x000000db8f300000,0x000000db8f400000)]
  0x000002aa9abb6000 JavaThread "Attach Listener" daemon [_thread_blocked, id=6508, stack(0x000000db8f400000,0x000000db8f500000)]
  0x000002aa9abb7000 JavaThread "Service Thread" daemon [_thread_blocked, id=1248, stack(0x000000db8f500000,0x000000db8f600000)]
  0x000002aa9abc3000 JavaThread "C2 CompilerThread0" daemon [_thread_blocked, id=7064, stack(0x000000db8f600000,0x000000db8f700000)]
  0x000002aa9abe8800 JavaThread "C1 CompilerThread0" daemon [_thread_blocked, id=6608, stack(0x000000db8f700000,0x000000db8f800000)]
  0x000002aa9abff800 JavaThread "Sweeper thread" daemon [_thread_blocked, id=11464, stack(0x000000db8f800000,0x000000db8f900000)]
  0x000002aa9ad0d800 JavaThread "Common-Cleaner" daemon [_thread_blocked, id=20260, stack(0x000000db8f900000,0x000000db8fa00000)]
  0x000002aa9ada4000 JavaThread "Monitor Ctrl-Break" daemon [_thread_in_native, id=2252, stack(0x000000db8fd00000,0x000000db8fe00000)]
  0x000002aa9ada5000 JavaThread "Notification Thread" daemon [_thread_blocked, id=21376, stack(0x000000db8fe00000,0x000000db8ff00000)]
  0x000002aa9b253800 JavaThread "Java2D Disposer" daemon [_thread_blocked, id=2040, stack(0x000000db90000000,0x000000db90100000)]
  0x000002aa9b256800 JavaThread "AWT-Shutdown" [_thread_blocked, id=11620, stack(0x000000db90100000,0x000000db90200000)]
=>0x000002aa9b25a800 JavaThread "AWT-Windows" daemon [_thread_in_native, id=12284, stack(0x000000db90200000,0x000000db90300000)]
  0x000002aa9adad000 JavaThread "AWT-EventQueue-0" [_thread_blocked, id=2896, stack(0x000000db8fc00000,0x000000db8fd00000)]
  0x000002aa9b751800 JavaThread "GameThread" [_thread_in_native, id=13520, stack(0x000000db91800000,0x000000db91900000)]
  0x000002aaf3a8d800 JavaThread "DestroyJavaVM" [_thread_blocked, id=20588, stack(0x000000db8ea00000,0x000000db8eb00000)]
  0x000002aa9b7ec800 JavaThread "Image Animator 3" daemon [_thread_blocked, id=17428, stack(0x000000db91a00000,0x000000db91b00000)]
  0x000002aaa18ff800 JavaThread "Java Sound Event Dispatcher" daemon [_thread_blocked, id=8300, stack(0x000000db91e00000,0x000000db91f00000)]
  0x000002aaa1906000 JavaThread "Direct Clip" daemon [_thread_blocked, id=4732, stack(0x000000db92100000,0x000000db92200000)]
  0x000002aaa1903800 JavaThread "ToolkitShutdown" daemon [_thread_in_native, id=16808, stack(0x000000db8e800000,0x000000db8e900000)]

Other Threads:
  0x000002aa9ab97000 VMThread "VM Thread" [stack: 0x000000db8f000000,0x000000db8f100000] [id=5004]
  0x000002aa9adec800 WatcherThread [stack: 0x000000db8ff00000,0x000000db90000000] [id=13608]
  0x000002aaf3af7800 GCTaskThread "GC Thread#0" [stack: 0x000000db8eb00000,0x000000db8ec00000] [id=16672]
  0x000002aaa1c61800 GCTaskThread "GC Thread#1" [stack: 0x000000db92400000,0x000000db92500000] [id=19904]
  0x000002aaa1c4a800 GCTaskThread "GC Thread#2" [stack: 0x000000db92500000,0x000000db92600000] [id=18880]
  0x000002aaa1c4b800 GCTaskThread "GC Thread#3" [stack: 0x000000db92600000,0x000000db92700000] [id=16660]
  0x000002aaa23b3800 GCTaskThread "GC Thread#4" [stack: 0x000000db92700000,0x000000db92800000] [id=1660]
  0x000002aaa23b4800 GCTaskThread "GC Thread#5" [stack: 0x000000db92800000,0x000000db92900000] [id=16152]
  0x000002aaa1998000 GCTaskThread "GC Thread#6" [stack: 0x000000db92900000,0x000000db92a00000] [id=20148]
  0x000002aaa1998800 GCTaskThread "GC Thread#7" [stack: 0x000000db92a00000,0x000000db92b00000] [id=18284]
  0x000002aaf3b1b000 ConcurrentGCThread "G1 Main Marker" [stack: 0x000000db8ec00000,0x000000db8ed00000] [id=13968]
  0x000002aaf3b1c800 ConcurrentGCThread "G1 Conc#0" [stack: 0x000000db8ed00000,0x000000db8ee00000] [id=11616]
  0x000002aa9a205800 ConcurrentGCThread "G1 Refine#0" [stack: 0x000000db8ee00000,0x000000db8ef00000] [id=20972]
  0x000002aa9a206800 ConcurrentGCThread "G1 Young RemSet Sampling" [stack: 0x000000db8ef00000,0x000000db8f000000] [id=2580]

Threads with active compile tasks:

VM state:not at safepoint (normal execution)

VM Mutex/Monitor currently owned by a thread: None

Heap address: 0x0000000701000000, size: 4080 MB, Compressed Oops mode: Zero based, Oop shift amount: 3
Narrow klass base: 0x0000000800000000, Narrow klass shift: 3
Compressed class space size: 1073741824 Address: 0x0000000800b30000

Heap:
 garbage-first heap   total 262144K, used 112573K [0x0000000701000000, 0x0000000800000000)
  region size 1024K, 72 young (73728K), 1 survivors (1024K)
 Metaspace       used 10415K, capacity 10728K, committed 11008K, reserved 1058816K
  class space    used 1051K, capacity 1172K, committed 1280K, reserved 1048576K
Heap Regions: E=young(eden), S=young(survivor), O=old, HS=humongous(starts), HC=humongous(continues), CS=collection set, F=free, OA=open archive, CA=closed archive, TAMS=top-at-mark-start (previous, next)
|   0|0x0000000701000000, 0x0000000701100000, 0x0000000701100000|100%|HS|  |TAMS 0x0000000701000000, 0x0000000701000000| Complete 
|   1|0x0000000701100000, 0x0000000701200000, 0x0000000701200000|100%|HS|  |TAMS 0x0000000701100000, 0x0000000701100000| Complete 
|   2|0x0000000701200000, 0x0000000701300000, 0x0000000701300000|100%|HC|  |TAMS 0x0000000701200000, 0x0000000701200000| Complete 
|   3|0x0000000701300000, 0x0000000701400000, 0x0000000701400000|100%|HC|  |TAMS 0x0000000701300000, 0x0000000701300000| Complete 
|   4|0x0000000701400000, 0x0000000701500000, 0x0000000701500000|100%|HC|  |TAMS 0x0000000701400000, 0x0000000701400000| Complete 
|   5|0x0000000701500000, 0x0000000701600000, 0x0000000701600000|100%|HC|  |TAMS 0x0000000701500000, 0x0000000701500000| Complete 
|   6|0x0000000701600000, 0x0000000701700000, 0x0000000701700000|100%|HC|  |TAMS 0x0000000701600000, 0x0000000701600000| Complete 
|   7|0x0000000701700000, 0x0000000701800000, 0x0000000701800000|100%|HC|  |TAMS 0x0000000701700000, 0x0000000701700000| Complete 
|   8|0x0000000701800000, 0x0000000701900000, 0x0000000701900000|100%| O|  |TAMS 0x0000000701800000, 0x0000000701800000| Untracked 
|   9|0x0000000701900000, 0x0000000701a00000, 0x0000000701a00000|100%|HS|  |TAMS 0x0000000701900000, 0x0000000701900000| Complete 
|  10|0x0000000701a00000, 0x0000000701a00000, 0x0000000701b00000|  0%| F|  |TAMS 0x0000000701a00000, 0x0000000701a00000| Untracked 
|  11|0x0000000701b00000, 0x0000000701b00000, 0x0000000701c00000|  0%| F|  |TAMS 0x0000000701b00000, 0x0000000701b00000| Untracked 
|  12|0x0000000701c00000, 0x0000000701c00000, 0x0000000701d00000|  0%| F|  |TAMS 0x0000000701c00000, 0x0000000701c00000| Untracked 
|  13|0x0000000701d00000, 0x0000000701e00000, 0x0000000701e00000|100%| O|  |TAMS 0x0000000701d00000, 0x0000000701d00000| Untracked 
|  14|0x0000000701e00000, 0x0000000701f00000, 0x0000000701f00000|100%| O|  |TAMS 0x0000000701e00000, 0x0000000701e00000| Untracked 
|  15|0x0000000701f00000, 0x0000000701f6b800, 0x0000000702000000| 41%| O|  |TAMS 0x0000000701f00000, 0x0000000701f00000| Untracked 
|  16|0x0000000702000000, 0x0000000702000000, 0x0000000702100000|  0%| F|  |TAMS 0x0000000702000000, 0x0000000702000000| Untracked 
|  17|0x0000000702100000, 0x0000000702100000, 0x0000000702200000|  0%| F|  |TAMS 0x0000000702100000, 0x0000000702100000| Untracked 
|  18|0x0000000702200000, 0x0000000702200000, 0x0000000702300000|  0%| F|  |TAMS 0x0000000702200000, 0x0000000702200000| Untracked 
|  19|0x0000000702300000, 0x0000000702400000, 0x0000000702400000|100%|HS|  |TAMS 0x0000000702300000, 0x0000000702300000| Complete 
|  20|0x0000000702400000, 0x0000000702500000, 0x0000000702500000|100%|HC|  |TAMS 0x0000000702400000, 0x0000000702400000| Complete 
|  21|0x0000000702500000, 0x0000000702600000, 0x0000000702600000|100%|HC|  |TAMS 0x0000000702500000, 0x0000000702500000| Complete 
|  22|0x0000000702600000, 0x0000000702700000, 0x0000000702700000|100%|HC|  |TAMS 0x0000000702600000, 0x0000000702600000| Complete 
|  23|0x0000000702700000, 0x0000000702800000, 0x0000000702800000|100%|HC|  |TAMS 0x0000000702700000, 0x0000000702700000| Complete 
|  24|0x0000000702800000, 0x0000000702900000, 0x0000000702900000|100%|HS|  |TAMS 0x0000000702800000, 0x0000000702800000| Complete 
|  25|0x0000000702900000, 0x0000000702a00000, 0x0000000702a00000|100%|HC|  |TAMS 0x0000000702900000, 0x0000000702900000| Complete 
|  26|0x0000000702a00000, 0x0000000702b00000, 0x0000000702b00000|100%|HC|  |TAMS 0x0000000702a00000, 0x0000000702a00000| Complete 
|  27|0x0000000702b00000, 0x0000000702c00000, 0x0000000702c00000|100%|HC|  |TAMS 0x0000000702b00000, 0x0000000702b00000| Complete 
|  28|0x0000000702c00000, 0x0000000702c00000, 0x0000000702d00000|  0%| F|  |TAMS 0x0000000702c00000, 0x0000000702c00000| Untracked 
|  29|0x0000000702d00000, 0x0000000702d00000, 0x0000000702e00000|  0%| F|  |TAMS 0x0000000702d00000, 0x0000000702d00000| Untracked 
|  30|0x0000000702e00000, 0x0000000702e00000, 0x0000000702f00000|  0%| F|  |TAMS 0x0000000702e00000, 0x0000000702e00000| Untracked 
|  31|0x0000000702f00000, 0x0000000702f00000, 0x0000000703000000|  0%| F|  |TAMS 0x0000000702f00000, 0x0000000702f00000| Untracked 
|  32|0x0000000703000000, 0x0000000703000000, 0x0000000703100000|  0%| F|  |TAMS 0x0000000703000000, 0x0000000703000000| Untracked 
|  33|0x0000000703100000, 0x0000000703100000, 0x0000000703200000|  0%| F|  |TAMS 0x0000000703100000, 0x0000000703100000| Untracked 
|  34|0x0000000703200000, 0x0000000703200000, 0x0000000703300000|  0%| F|  |TAMS 0x0000000703200000, 0x0000000703200000| Untracked 
|  35|0x0000000703300000, 0x0000000703300000, 0x0000000703400000|  0%| F|  |TAMS 0x0000000703300000, 0x0000000703300000| Untracked 
|  36|0x0000000703400000, 0x0000000703500000, 0x0000000703500000|100%|HS|  |TAMS 0x0000000703400000, 0x0000000703400000| Complete 
|  37|0x0000000703500000, 0x0000000703600000, 0x0000000703600000|100%|HC|  |TAMS 0x0000000703500000, 0x0000000703500000| Complete 
|  38|0x0000000703600000, 0x0000000703600000, 0x0000000703700000|  0%| F|  |TAMS 0x0000000703600000, 0x0000000703600000| Untracked 
|  39|0x0000000703700000, 0x0000000703700000, 0x0000000703800000|  0%| F|  |TAMS 0x0000000703700000, 0x0000000703700000| Untracked 
|  40|0x0000000703800000, 0x0000000703800000, 0x0000000703900000|  0%| F|  |TAMS 0x0000000703800000, 0x0000000703800000| Untracked 
|  41|0x0000000703900000, 0x0000000703900000, 0x0000000703a00000|  0%| F|  |TAMS 0x0000000703900000, 0x0000000703900000| Untracked 
|  42|0x0000000703a00000, 0x0000000703a00000, 0x0000000703b00000|  0%| F|  |TAMS 0x0000000703a00000, 0x0000000703a00000| Untracked 
|  43|0x0000000703b00000, 0x0000000703b00000, 0x0000000703c00000|  0%| F|  |TAMS 0x0000000703b00000, 0x0000000703b00000| Untracked 
|  44|0x0000000703c00000, 0x0000000703c00000, 0x0000000703d00000|  0%| F|  |TAMS 0x0000000703c00000, 0x0000000703c00000| Untracked 
|  45|0x0000000703d00000, 0x0000000703d00000, 0x0000000703e00000|  0%| F|  |TAMS 0x0000000703d00000, 0x0000000703d00000| Untracked 
|  46|0x0000000703e00000, 0x0000000703e00000, 0x0000000703f00000|  0%| F|  |TAMS 0x0000000703e00000, 0x0000000703e00000| Untracked 
|  47|0x0000000703f00000, 0x0000000703f00000, 0x0000000704000000|  0%| F|  |TAMS 0x0000000703f00000, 0x0000000703f00000| Untracked 
|  48|0x0000000704000000, 0x0000000704000000, 0x0000000704100000|  0%| F|  |TAMS 0x0000000704000000, 0x0000000704000000| Untracked 
|  49|0x0000000704100000, 0x0000000704100000, 0x0000000704200000|  0%| F|  |TAMS 0x0000000704100000, 0x0000000704100000| Untracked 
|  50|0x0000000704200000, 0x0000000704200000, 0x0000000704300000|  0%| F|  |TAMS 0x0000000704200000, 0x0000000704200000| Untracked 
|  51|0x0000000704300000, 0x0000000704300000, 0x0000000704400000|  0%| F|  |TAMS 0x0000000704300000, 0x0000000704300000| Untracked 
|  52|0x0000000704400000, 0x0000000704400000, 0x0000000704500000|  0%| F|  |TAMS 0x0000000704400000, 0x0000000704400000| Untracked 
|  53|0x0000000704500000, 0x0000000704500000, 0x0000000704600000|  0%| F|  |TAMS 0x0000000704500000, 0x0000000704500000| Untracked 
|  54|0x0000000704600000, 0x0000000704700000, 0x0000000704700000|100%|HS|  |TAMS 0x0000000704600000, 0x0000000704600000| Complete 
|  55|0x0000000704700000, 0x0000000704800000, 0x0000000704800000|100%|HC|  |TAMS 0x0000000704700000, 0x0000000704700000| Complete 
|  56|0x0000000704800000, 0x0000000704900000, 0x0000000704900000|100%|HC|  |TAMS 0x0000000704800000, 0x0000000704800000| Complete 
|  57|0x0000000704900000, 0x0000000704a00000, 0x0000000704a00000|100%|HC|  |TAMS 0x0000000704900000, 0x0000000704900000| Complete 
|  58|0x0000000704a00000, 0x0000000704b00000, 0x0000000704b00000|100%|HC|  |TAMS 0x0000000704a00000, 0x0000000704a00000| Complete 
|  59|0x0000000704b00000, 0x0000000704c00000, 0x0000000704c00000|100%|HC|  |TAMS 0x0000000704b00000, 0x0000000704b00000| Complete 
|  60|0x0000000704c00000, 0x0000000704d00000, 0x0000000704d00000|100%|HC|  |TAMS 0x0000000704c00000, 0x0000000704c00000| Complete 
|  61|0x0000000704d00000, 0x0000000704e00000, 0x0000000704e00000|100%|HC|  |TAMS 0x0000000704d00000, 0x0000000704d00000| Complete 
|  62|0x0000000704e00000, 0x0000000704f00000, 0x0000000704f00000|100%|HS|  |TAMS 0x0000000704e00000, 0x0000000704e00000| Complete 
|  63|0x0000000704f00000, 0x0000000705000000, 0x0000000705000000|100%|HC|  |TAMS 0x0000000704f00000, 0x0000000704f00000| Complete 
|  64|0x0000000705000000, 0x0000000705100000, 0x0000000705100000|100%|HC|  |TAMS 0x0000000705000000, 0x0000000705000000| Complete 
|  65|0x0000000705100000, 0x0000000705200000, 0x0000000705200000|100%|HC|  |TAMS 0x0000000705100000, 0x0000000705100000| Complete 
|  66|0x0000000705200000, 0x0000000705300000, 0x0000000705300000|100%|HS|  |TAMS 0x0000000705200000, 0x0000000705200000| Complete 
|  67|0x0000000705300000, 0x0000000705400000, 0x0000000705400000|100%|HC|  |TAMS 0x0000000705300000, 0x0000000705300000| Complete 
|  68|0x0000000705400000, 0x0000000705500000, 0x0000000705500000|100%|HC|  |TAMS 0x0000000705400000, 0x0000000705400000| Complete 
|  69|0x0000000705500000, 0x0000000705600000, 0x0000000705600000|100%|HC|  |TAMS 0x0000000705500000, 0x0000000705500000| Complete 
|  70|0x0000000705600000, 0x0000000705600000, 0x0000000705700000|  0%| F|  |TAMS 0x0000000705600000, 0x0000000705600000| Untracked 
|  71|0x0000000705700000, 0x0000000705700000, 0x0000000705800000|  0%| F|  |TAMS 0x0000000705700000, 0x0000000705700000| Untracked 
|  72|0x0000000705800000, 0x0000000705800000, 0x0000000705900000|  0%| F|  |TAMS 0x0000000705800000, 0x0000000705800000| Untracked 
|  73|0x0000000705900000, 0x0000000705900000, 0x0000000705a00000|  0%| F|  |TAMS 0x0000000705900000, 0x0000000705900000| Untracked 
|  74|0x0000000705a00000, 0x0000000705a00000, 0x0000000705b00000|  0%| F|  |TAMS 0x0000000705a00000, 0x0000000705a00000| Untracked 
|  75|0x0000000705b00000, 0x0000000705b00000, 0x0000000705c00000|  0%| F|  |TAMS 0x0000000705b00000, 0x0000000705b00000| Untracked 
|  76|0x0000000705c00000, 0x0000000705c00000, 0x0000000705d00000|  0%| F|  |TAMS 0x0000000705c00000, 0x0000000705c00000| Untracked 
|  77|0x0000000705d00000, 0x0000000705d00000, 0x0000000705e00000|  0%| F|  |TAMS 0x0000000705d00000, 0x0000000705d00000| Untracked 
|  78|0x0000000705e00000, 0x0000000705e00000, 0x0000000705f00000|  0%| F|  |TAMS 0x0000000705e00000, 0x0000000705e00000| Untracked 
|  79|0x0000000705f00000, 0x0000000705f00000, 0x0000000706000000|  0%| F|  |TAMS 0x0000000705f00000, 0x0000000705f00000| Untracked 
|  80|0x0000000706000000, 0x0000000706000000, 0x0000000706100000|  0%| F|  |TAMS 0x0000000706000000, 0x0000000706000000| Untracked 
|  81|0x0000000706100000, 0x0000000706100000, 0x0000000706200000|  0%| F|  |TAMS 0x0000000706100000, 0x0000000706100000| Untracked 
|  82|0x0000000706200000, 0x0000000706200000, 0x0000000706300000|  0%| F|  |TAMS 0x0000000706200000, 0x0000000706200000| Untracked 
|  83|0x0000000706300000, 0x0000000706300000, 0x0000000706400000|  0%| F|  |TAMS 0x0000000706300000, 0x0000000706300000| Untracked 
|  84|0x0000000706400000, 0x0000000706400000, 0x0000000706500000|  0%| F|  |TAMS 0x0000000706400000, 0x0000000706400000| Untracked 
|  85|0x0000000706500000, 0x0000000706500000, 0x0000000706600000|  0%| F|  |TAMS 0x0000000706500000, 0x0000000706500000| Untracked 
|  86|0x0000000706600000, 0x0000000706600000, 0x0000000706700000|  0%| F|  |TAMS 0x0000000706600000, 0x0000000706600000| Untracked 
|  87|0x0000000706700000, 0x0000000706700000, 0x0000000706800000|  0%| F|  |TAMS 0x0000000706700000, 0x0000000706700000| Untracked 
|  88|0x0000000706800000, 0x0000000706800000, 0x0000000706900000|  0%| F|  |TAMS 0x0000000706800000, 0x0000000706800000| Untracked 
|  89|0x0000000706900000, 0x0000000706900000, 0x0000000706a00000|  0%| F|  |TAMS 0x0000000706900000, 0x0000000706900000| Untracked 
|  90|0x0000000706a00000, 0x0000000706a00000, 0x0000000706b00000|  0%| F|  |TAMS 0x0000000706a00000, 0x0000000706a00000| Untracked 
|  91|0x0000000706b00000, 0x0000000706b00000, 0x0000000706c00000|  0%| F|  |TAMS 0x0000000706b00000, 0x0000000706b00000| Untracked 
|  92|0x0000000706c00000, 0x0000000706c00000, 0x0000000706d00000|  0%| F|  |TAMS 0x0000000706c00000, 0x0000000706c00000| Untracked 
|  93|0x0000000706d00000, 0x0000000706d00000, 0x0000000706e00000|  0%| F|  |TAMS 0x0000000706d00000, 0x0000000706d00000| Untracked 
|  94|0x0000000706e00000, 0x0000000706e00000, 0x0000000706f00000|  0%| F|  |TAMS 0x0000000706e00000, 0x0000000706e00000| Untracked 
|  95|0x0000000706f00000, 0x0000000706f00000, 0x0000000707000000|  0%| F|  |TAMS 0x0000000706f00000, 0x0000000706f00000| Untracked 
|  96|0x0000000707000000, 0x0000000707000000, 0x0000000707100000|  0%| F|  |TAMS 0x0000000707000000, 0x0000000707000000| Untracked 
|  97|0x0000000707100000, 0x0000000707100000, 0x0000000707200000|  0%| F|  |TAMS 0x0000000707100000, 0x0000000707100000| Untracked 
|  98|0x0000000707200000, 0x0000000707200000, 0x0000000707300000|  0%| F|  |TAMS 0x0000000707200000, 0x0000000707200000| Untracked 
|  99|0x0000000707300000, 0x0000000707300000, 0x0000000707400000|  0%| F|  |TAMS 0x0000000707300000, 0x0000000707300000| Untracked 
| 100|0x0000000707400000, 0x0000000707400000, 0x0000000707500000|  0%| F|  |TAMS 0x0000000707400000, 0x0000000707400000| Untracked 
| 101|0x0000000707500000, 0x0000000707500000, 0x0000000707600000|  0%| F|  |TAMS 0x0000000707500000, 0x0000000707500000| Untracked 
| 102|0x0000000707600000, 0x0000000707600000, 0x0000000707700000|  0%| F|  |TAMS 0x0000000707600000, 0x0000000707600000| Untracked 
| 103|0x0000000707700000, 0x0000000707783e60, 0x0000000707800000| 51%| S|CS|TAMS 0x0000000707700000, 0x0000000707700000| Complete 
| 104|0x0000000707800000, 0x0000000707800000, 0x0000000707900000|  0%| F|  |TAMS 0x0000000707800000, 0x0000000707800000| Untracked 
| 105|0x0000000707900000, 0x0000000707900000, 0x0000000707a00000|  0%| F|  |TAMS 0x0000000707900000, 0x0000000707900000| Untracked 
| 106|0x0000000707a00000, 0x0000000707a00000, 0x0000000707b00000|  0%| F|  |TAMS 0x0000000707a00000, 0x0000000707a00000| Untracked 
| 107|0x0000000707b00000, 0x0000000707b00000, 0x0000000707c00000|  0%| F|  |TAMS 0x0000000707b00000, 0x0000000707b00000| Untracked 
| 108|0x0000000707c00000, 0x0000000707c00000, 0x0000000707d00000|  0%| F|  |TAMS 0x0000000707c00000, 0x0000000707c00000| Untracked 
| 109|0x0000000707d00000, 0x0000000707d00000, 0x0000000707e00000|  0%| F|  |TAMS 0x0000000707d00000, 0x0000000707d00000| Untracked 
| 110|0x0000000707e00000, 0x0000000707e00000, 0x0000000707f00000|  0%| F|  |TAMS 0x0000000707e00000, 0x0000000707e00000| Untracked 
| 111|0x0000000707f00000, 0x0000000707f00000, 0x0000000708000000|  0%| F|  |TAMS 0x0000000707f00000, 0x0000000707f00000| Untracked 
| 112|0x0000000708000000, 0x0000000708000000, 0x0000000708100000|  0%| F|  |TAMS 0x0000000708000000, 0x0000000708000000| Untracked 
| 113|0x0000000708100000, 0x0000000708100000, 0x0000000708200000|  0%| F|  |TAMS 0x0000000708100000, 0x0000000708100000| Untracked 
| 114|0x0000000708200000, 0x0000000708200000, 0x0000000708300000|  0%| F|  |TAMS 0x0000000708200000, 0x0000000708200000| Untracked 
| 115|0x0000000708300000, 0x0000000708300000, 0x0000000708400000|  0%| F|  |TAMS 0x0000000708300000, 0x0000000708300000| Untracked 
| 116|0x0000000708400000, 0x0000000708400000, 0x0000000708500000|  0%| F|  |TAMS 0x0000000708400000, 0x0000000708400000| Untracked 
| 117|0x0000000708500000, 0x0000000708500000, 0x0000000708600000|  0%| F|  |TAMS 0x0000000708500000, 0x0000000708500000| Untracked 
| 118|0x0000000708600000, 0x0000000708600000, 0x0000000708700000|  0%| F|  |TAMS 0x0000000708600000, 0x0000000708600000| Untracked 
| 119|0x0000000708700000, 0x0000000708700000, 0x0000000708800000|  0%| F|  |TAMS 0x0000000708700000, 0x0000000708700000| Untracked 
| 120|0x0000000708800000, 0x0000000708800000, 0x0000000708900000|  0%| F|  |TAMS 0x0000000708800000, 0x0000000708800000| Untracked 
| 121|0x0000000708900000, 0x0000000708900000, 0x0000000708a00000|  0%| F|  |TAMS 0x0000000708900000, 0x0000000708900000| Untracked 
| 122|0x0000000708a00000, 0x0000000708a00000, 0x0000000708b00000|  0%| F|  |TAMS 0x0000000708a00000, 0x0000000708a00000| Untracked 
| 123|0x0000000708b00000, 0x0000000708b00000, 0x0000000708c00000|  0%| F|  |TAMS 0x0000000708b00000, 0x0000000708b00000| Untracked 
| 124|0x0000000708c00000, 0x0000000708c00000, 0x0000000708d00000|  0%| F|  |TAMS 0x0000000708c00000, 0x0000000708c00000| Untracked 
| 125|0x0000000708d00000, 0x0000000708d00000, 0x0000000708e00000|  0%| F|  |TAMS 0x0000000708d00000, 0x0000000708d00000| Untracked 
| 126|0x0000000708e00000, 0x0000000708e00000, 0x0000000708f00000|  0%| F|  |TAMS 0x0000000708e00000, 0x0000000708e00000| Untracked 
| 127|0x0000000708f00000, 0x0000000708f00000, 0x0000000709000000|  0%| F|  |TAMS 0x0000000708f00000, 0x0000000708f00000| Untracked 
| 128|0x0000000709000000, 0x0000000709000000, 0x0000000709100000|  0%| F|  |TAMS 0x0000000709000000, 0x0000000709000000| Untracked 
| 129|0x0000000709100000, 0x0000000709100000, 0x0000000709200000|  0%| F|  |TAMS 0x0000000709100000, 0x0000000709100000| Untracked 
| 130|0x0000000709200000, 0x0000000709200000, 0x0000000709300000|  0%| F|  |TAMS 0x0000000709200000, 0x0000000709200000| Untracked 
| 131|0x0000000709300000, 0x0000000709300000, 0x0000000709400000|  0%| F|  |TAMS 0x0000000709300000, 0x0000000709300000| Untracked 
| 132|0x0000000709400000, 0x0000000709400000, 0x0000000709500000|  0%| F|  |TAMS 0x0000000709400000, 0x0000000709400000| Untracked 
| 133|0x0000000709500000, 0x0000000709500000, 0x0000000709600000|  0%| F|  |TAMS 0x0000000709500000, 0x0000000709500000| Untracked 
| 134|0x0000000709600000, 0x0000000709600000, 0x0000000709700000|  0%| F|  |TAMS 0x0000000709600000, 0x0000000709600000| Untracked 
| 135|0x0000000709700000, 0x0000000709700000, 0x0000000709800000|  0%| F|  |TAMS 0x0000000709700000, 0x0000000709700000| Untracked 
| 136|0x0000000709800000, 0x0000000709800000, 0x0000000709900000|  0%| F|  |TAMS 0x0000000709800000, 0x0000000709800000| Untracked 
| 137|0x0000000709900000, 0x0000000709900000, 0x0000000709a00000|  0%| F|  |TAMS 0x0000000709900000, 0x0000000709900000| Untracked 
| 138|0x0000000709a00000, 0x0000000709a00000, 0x0000000709b00000|  0%| F|  |TAMS 0x0000000709a00000, 0x0000000709a00000| Untracked 
| 139|0x0000000709b00000, 0x0000000709b00000, 0x0000000709c00000|  0%| F|  |TAMS 0x0000000709b00000, 0x0000000709b00000| Untracked 
| 140|0x0000000709c00000, 0x0000000709c00000, 0x0000000709d00000|  0%| F|  |TAMS 0x0000000709c00000, 0x0000000709c00000| Untracked 
| 141|0x0000000709d00000, 0x0000000709d00000, 0x0000000709e00000|  0%| F|  |TAMS 0x0000000709d00000, 0x0000000709d00000| Untracked 
| 142|0x0000000709e00000, 0x0000000709e00000, 0x0000000709f00000|  0%| F|  |TAMS 0x0000000709e00000, 0x0000000709e00000| Untracked 
| 143|0x0000000709f00000, 0x0000000709f00000, 0x000000070a000000|  0%| F|  |TAMS 0x0000000709f00000, 0x0000000709f00000| Untracked 
| 144|0x000000070a000000, 0x000000070a000000, 0x000000070a100000|  0%| F|  |TAMS 0x000000070a000000, 0x000000070a000000| Untracked 
| 145|0x000000070a100000, 0x000000070a100000, 0x000000070a200000|  0%| F|  |TAMS 0x000000070a100000, 0x000000070a100000| Untracked 
| 146|0x000000070a200000, 0x000000070a200000, 0x000000070a300000|  0%| F|  |TAMS 0x000000070a200000, 0x000000070a200000| Untracked 
| 147|0x000000070a300000, 0x000000070a300000, 0x000000070a400000|  0%| F|  |TAMS 0x000000070a300000, 0x000000070a300000| Untracked 
| 148|0x000000070a400000, 0x000000070a400000, 0x000000070a500000|  0%| F|  |TAMS 0x000000070a400000, 0x000000070a400000| Untracked 
| 149|0x000000070a500000, 0x000000070a500000, 0x000000070a600000|  0%| F|  |TAMS 0x000000070a500000, 0x000000070a500000| Untracked 
| 150|0x000000070a600000, 0x000000070a600000, 0x000000070a700000|  0%| F|  |TAMS 0x000000070a600000, 0x000000070a600000| Untracked 
| 151|0x000000070a700000, 0x000000070a700000, 0x000000070a800000|  0%| F|  |TAMS 0x000000070a700000, 0x000000070a700000| Untracked 
| 152|0x000000070a800000, 0x000000070a800000, 0x000000070a900000|  0%| F|  |TAMS 0x000000070a800000, 0x000000070a800000| Untracked 
| 153|0x000000070a900000, 0x000000070a900000, 0x000000070aa00000|  0%| F|  |TAMS 0x000000070a900000, 0x000000070a900000| Untracked 
| 154|0x000000070aa00000, 0x000000070aa00000, 0x000000070ab00000|  0%| F|  |TAMS 0x000000070aa00000, 0x000000070aa00000| Untracked 
| 155|0x000000070ab00000, 0x000000070ab00000, 0x000000070ac00000|  0%| F|  |TAMS 0x000000070ab00000, 0x000000070ab00000| Untracked 
| 156|0x000000070ac00000, 0x000000070ac00000, 0x000000070ad00000|  0%| F|  |TAMS 0x000000070ac00000, 0x000000070ac00000| Untracked 
| 157|0x000000070ad00000, 0x000000070ad00000, 0x000000070ae00000|  0%| F|  |TAMS 0x000000070ad00000, 0x000000070ad00000| Untracked 
| 158|0x000000070ae00000, 0x000000070ae00000, 0x000000070af00000|  0%| F|  |TAMS 0x000000070ae00000, 0x000000070ae00000| Untracked 
| 159|0x000000070af00000, 0x000000070af00000, 0x000000070b000000|  0%| F|  |TAMS 0x000000070af00000, 0x000000070af00000| Untracked 
| 160|0x000000070b000000, 0x000000070b000000, 0x000000070b100000|  0%| F|  |TAMS 0x000000070b000000, 0x000000070b000000| Untracked 
| 161|0x000000070b100000, 0x000000070b100000, 0x000000070b200000|  0%| F|  |TAMS 0x000000070b100000, 0x000000070b100000| Untracked 
| 162|0x000000070b200000, 0x000000070b200000, 0x000000070b300000|  0%| F|  |TAMS 0x000000070b200000, 0x000000070b200000| Untracked 
| 163|0x000000070b300000, 0x000000070b300000, 0x000000070b400000|  0%| F|  |TAMS 0x000000070b300000, 0x000000070b300000| Untracked 
| 164|0x000000070b400000, 0x000000070b400000, 0x000000070b500000|  0%| F|  |TAMS 0x000000070b400000, 0x000000070b400000| Untracked 
| 165|0x000000070b500000, 0x000000070b500000, 0x000000070b600000|  0%| F|  |TAMS 0x000000070b500000, 0x000000070b500000| Untracked 
| 166|0x000000070b600000, 0x000000070b600000, 0x000000070b700000|  0%| F|  |TAMS 0x000000070b600000, 0x000000070b600000| Untracked 
| 167|0x000000070b700000, 0x000000070b700000, 0x000000070b800000|  0%| F|  |TAMS 0x000000070b700000, 0x000000070b700000| Untracked 
| 168|0x000000070b800000, 0x000000070b800000, 0x000000070b900000|  0%| F|  |TAMS 0x000000070b800000, 0x000000070b800000| Untracked 
| 169|0x000000070b900000, 0x000000070b900000, 0x000000070ba00000|  0%| F|  |TAMS 0x000000070b900000, 0x000000070b900000| Untracked 
| 170|0x000000070ba00000, 0x000000070ba00000, 0x000000070bb00000|  0%| F|  |TAMS 0x000000070ba00000, 0x000000070ba00000| Untracked 
| 171|0x000000070bb00000, 0x000000070bb00000, 0x000000070bc00000|  0%| F|  |TAMS 0x000000070bb00000, 0x000000070bb00000| Untracked 
| 172|0x000000070bc00000, 0x000000070bc00000, 0x000000070bd00000|  0%| F|  |TAMS 0x000000070bc00000, 0x000000070bc00000| Untracked 
| 173|0x000000070bd00000, 0x000000070bd00000, 0x000000070be00000|  0%| F|  |TAMS 0x000000070bd00000, 0x000000070bd00000| Untracked 
| 174|0x000000070be00000, 0x000000070be00000, 0x000000070bf00000|  0%| F|  |TAMS 0x000000070be00000, 0x000000070be00000| Untracked 
| 175|0x000000070bf00000, 0x000000070bf00000, 0x000000070c000000|  0%| F|  |TAMS 0x000000070bf00000, 0x000000070bf00000| Untracked 
| 176|0x000000070c000000, 0x000000070c000000, 0x000000070c100000|  0%| F|  |TAMS 0x000000070c000000, 0x000000070c000000| Untracked 
| 177|0x000000070c100000, 0x000000070c100000, 0x000000070c200000|  0%| F|  |TAMS 0x000000070c100000, 0x000000070c100000| Untracked 
| 178|0x000000070c200000, 0x000000070c200000, 0x000000070c300000|  0%| F|  |TAMS 0x000000070c200000, 0x000000070c200000| Untracked 
| 179|0x000000070c300000, 0x000000070c300000, 0x000000070c400000|  0%| F|  |TAMS 0x000000070c300000, 0x000000070c300000| Untracked 
| 180|0x000000070c400000, 0x000000070c400000, 0x000000070c500000|  0%| F|  |TAMS 0x000000070c400000, 0x000000070c400000| Untracked 
| 181|0x000000070c500000, 0x000000070c500000, 0x000000070c600000|  0%| F|  |TAMS 0x000000070c500000, 0x000000070c500000| Untracked 
| 182|0x000000070c600000, 0x000000070c600000, 0x000000070c700000|  0%| F|  |TAMS 0x000000070c600000, 0x000000070c600000| Untracked 
| 183|0x000000070c700000, 0x000000070c700000, 0x000000070c800000|  0%| F|  |TAMS 0x000000070c700000, 0x000000070c700000| Untracked 
| 184|0x000000070c800000, 0x000000070c800000, 0x000000070c900000|  0%| F|  |TAMS 0x000000070c800000, 0x000000070c800000| Untracked 
| 185|0x000000070c900000, 0x000000070ca00000, 0x000000070ca00000|100%| E|  |TAMS 0x000000070c900000, 0x000000070c900000| Complete 
| 186|0x000000070ca00000, 0x000000070cb00000, 0x000000070cb00000|100%| E|CS|TAMS 0x000000070ca00000, 0x000000070ca00000| Complete 
| 187|0x000000070cb00000, 0x000000070cc00000, 0x000000070cc00000|100%| E|CS|TAMS 0x000000070cb00000, 0x000000070cb00000| Complete 
| 188|0x000000070cc00000, 0x000000070cd00000, 0x000000070cd00000|100%| E|CS|TAMS 0x000000070cc00000, 0x000000070cc00000| Complete 
| 189|0x000000070cd00000, 0x000000070ce00000, 0x000000070ce00000|100%| E|CS|TAMS 0x000000070cd00000, 0x000000070cd00000| Complete 
| 190|0x000000070ce00000, 0x000000070cf00000, 0x000000070cf00000|100%| E|CS|TAMS 0x000000070ce00000, 0x000000070ce00000| Complete 
| 191|0x000000070cf00000, 0x000000070d000000, 0x000000070d000000|100%| E|CS|TAMS 0x000000070cf00000, 0x000000070cf00000| Complete 
| 192|0x000000070d000000, 0x000000070d100000, 0x000000070d100000|100%| E|CS|TAMS 0x000000070d000000, 0x000000070d000000| Complete 
| 193|0x000000070d100000, 0x000000070d200000, 0x000000070d200000|100%| E|CS|TAMS 0x000000070d100000, 0x000000070d100000| Complete 
| 194|0x000000070d200000, 0x000000070d300000, 0x000000070d300000|100%| E|CS|TAMS 0x000000070d200000, 0x000000070d200000| Complete 
| 195|0x000000070d300000, 0x000000070d400000, 0x000000070d400000|100%| E|CS|TAMS 0x000000070d300000, 0x000000070d300000| Complete 
| 196|0x000000070d400000, 0x000000070d500000, 0x000000070d500000|100%| E|CS|TAMS 0x000000070d400000, 0x000000070d400000| Complete 
| 197|0x000000070d500000, 0x000000070d600000, 0x000000070d600000|100%| E|CS|TAMS 0x000000070d500000, 0x000000070d500000| Complete 
| 198|0x000000070d600000, 0x000000070d700000, 0x000000070d700000|100%| E|CS|TAMS 0x000000070d600000, 0x000000070d600000| Complete 
| 199|0x000000070d700000, 0x000000070d800000, 0x000000070d800000|100%| E|CS|TAMS 0x000000070d700000, 0x000000070d700000| Complete 
| 200|0x000000070d800000, 0x000000070d900000, 0x000000070d900000|100%| E|CS|TAMS 0x000000070d800000, 0x000000070d800000| Complete 
| 201|0x000000070d900000, 0x000000070da00000, 0x000000070da00000|100%| E|CS|TAMS 0x000000070d900000, 0x000000070d900000| Complete 
| 202|0x000000070da00000, 0x000000070db00000, 0x000000070db00000|100%| E|CS|TAMS 0x000000070da00000, 0x000000070da00000| Complete 
| 203|0x000000070db00000, 0x000000070dc00000, 0x000000070dc00000|100%| E|CS|TAMS 0x000000070db00000, 0x000000070db00000| Complete 
| 204|0x000000070dc00000, 0x000000070dd00000, 0x000000070dd00000|100%| E|CS|TAMS 0x000000070dc00000, 0x000000070dc00000| Complete 
| 205|0x000000070dd00000, 0x000000070de00000, 0x000000070de00000|100%| E|CS|TAMS 0x000000070dd00000, 0x000000070dd00000| Complete 
| 206|0x000000070de00000, 0x000000070df00000, 0x000000070df00000|100%| E|CS|TAMS 0x000000070de00000, 0x000000070de00000| Complete 
| 207|0x000000070df00000, 0x000000070e000000, 0x000000070e000000|100%| E|CS|TAMS 0x000000070df00000, 0x000000070df00000| Complete 
| 208|0x000000070e000000, 0x000000070e100000, 0x000000070e100000|100%| E|CS|TAMS 0x000000070e000000, 0x000000070e000000| Complete 
| 209|0x000000070e100000, 0x000000070e200000, 0x000000070e200000|100%| E|CS|TAMS 0x000000070e100000, 0x000000070e100000| Complete 
| 210|0x000000070e200000, 0x000000070e300000, 0x000000070e300000|100%| E|CS|TAMS 0x000000070e200000, 0x000000070e200000| Complete 
| 211|0x000000070e300000, 0x000000070e400000, 0x000000070e400000|100%| E|CS|TAMS 0x000000070e300000, 0x000000070e300000| Complete 
| 212|0x000000070e400000, 0x000000070e500000, 0x000000070e500000|100%| E|CS|TAMS 0x000000070e400000, 0x000000070e400000| Complete 
| 213|0x000000070e500000, 0x000000070e600000, 0x000000070e600000|100%| E|CS|TAMS 0x000000070e500000, 0x000000070e500000| Complete 
| 214|0x000000070e600000, 0x000000070e700000, 0x000000070e700000|100%| E|CS|TAMS 0x000000070e600000, 0x000000070e600000| Complete 
| 215|0x000000070e700000, 0x000000070e800000, 0x000000070e800000|100%| E|CS|TAMS 0x000000070e700000, 0x000000070e700000| Complete 
| 216|0x000000070e800000, 0x000000070e900000, 0x000000070e900000|100%| E|CS|TAMS 0x000000070e800000, 0x000000070e800000| Complete 
| 217|0x000000070e900000, 0x000000070ea00000, 0x000000070ea00000|100%| E|CS|TAMS 0x000000070e900000, 0x000000070e900000| Complete 
| 218|0x000000070ea00000, 0x000000070eb00000, 0x000000070eb00000|100%| E|CS|TAMS 0x000000070ea00000, 0x000000070ea00000| Complete 
| 219|0x000000070eb00000, 0x000000070ec00000, 0x000000070ec00000|100%| E|CS|TAMS 0x000000070eb00000, 0x000000070eb00000| Complete 
| 220|0x000000070ec00000, 0x000000070ed00000, 0x000000070ed00000|100%| E|CS|TAMS 0x000000070ec00000, 0x000000070ec00000| Complete 
| 221|0x000000070ed00000, 0x000000070ee00000, 0x000000070ee00000|100%| E|CS|TAMS 0x000000070ed00000, 0x000000070ed00000| Complete 
| 222|0x000000070ee00000, 0x000000070ef00000, 0x000000070ef00000|100%| E|CS|TAMS 0x000000070ee00000, 0x000000070ee00000| Complete 
| 223|0x000000070ef00000, 0x000000070f000000, 0x000000070f000000|100%| E|CS|TAMS 0x000000070ef00000, 0x000000070ef00000| Complete 
| 224|0x000000070f000000, 0x000000070f100000, 0x000000070f100000|100%| E|CS|TAMS 0x000000070f000000, 0x000000070f000000| Complete 
| 225|0x000000070f100000, 0x000000070f200000, 0x000000070f200000|100%| E|CS|TAMS 0x000000070f100000, 0x000000070f100000| Complete 
| 226|0x000000070f200000, 0x000000070f300000, 0x000000070f300000|100%| E|CS|TAMS 0x000000070f200000, 0x000000070f200000| Complete 
| 227|0x000000070f300000, 0x000000070f400000, 0x000000070f400000|100%| E|CS|TAMS 0x000000070f300000, 0x000000070f300000| Complete 
| 228|0x000000070f400000, 0x000000070f500000, 0x000000070f500000|100%| E|CS|TAMS 0x000000070f400000, 0x000000070f400000| Complete 
| 229|0x000000070f500000, 0x000000070f600000, 0x000000070f600000|100%| E|CS|TAMS 0x000000070f500000, 0x000000070f500000| Complete 
| 230|0x000000070f600000, 0x000000070f700000, 0x000000070f700000|100%| E|CS|TAMS 0x000000070f600000, 0x000000070f600000| Complete 
| 231|0x000000070f700000, 0x000000070f800000, 0x000000070f800000|100%| E|CS|TAMS 0x000000070f700000, 0x000000070f700000| Complete 
| 232|0x000000070f800000, 0x000000070f900000, 0x000000070f900000|100%| E|CS|TAMS 0x000000070f800000, 0x000000070f800000| Complete 
| 233|0x000000070f900000, 0x000000070fa00000, 0x000000070fa00000|100%| E|CS|TAMS 0x000000070f900000, 0x000000070f900000| Complete 
| 234|0x000000070fa00000, 0x000000070fb00000, 0x000000070fb00000|100%| E|CS|TAMS 0x000000070fa00000, 0x000000070fa00000| Complete 
| 235|0x000000070fb00000, 0x000000070fc00000, 0x000000070fc00000|100%| E|CS|TAMS 0x000000070fb00000, 0x000000070fb00000| Complete 
| 236|0x000000070fc00000, 0x000000070fd00000, 0x000000070fd00000|100%| E|CS|TAMS 0x000000070fc00000, 0x000000070fc00000| Complete 
| 237|0x000000070fd00000, 0x000000070fe00000, 0x000000070fe00000|100%| E|CS|TAMS 0x000000070fd00000, 0x000000070fd00000| Complete 
| 238|0x000000070fe00000, 0x000000070ff00000, 0x000000070ff00000|100%| E|CS|TAMS 0x000000070fe00000, 0x000000070fe00000| Complete 
| 239|0x000000070ff00000, 0x0000000710000000, 0x0000000710000000|100%| E|CS|TAMS 0x000000070ff00000, 0x000000070ff00000| Complete 
| 240|0x0000000710000000, 0x0000000710100000, 0x0000000710100000|100%| E|CS|TAMS 0x0000000710000000, 0x0000000710000000| Complete 
| 241|0x0000000710100000, 0x0000000710200000, 0x0000000710200000|100%| E|CS|TAMS 0x0000000710100000, 0x0000000710100000| Complete 
| 242|0x0000000710200000, 0x0000000710300000, 0x0000000710300000|100%| E|CS|TAMS 0x0000000710200000, 0x0000000710200000| Complete 
| 243|0x0000000710300000, 0x0000000710400000, 0x0000000710400000|100%| E|CS|TAMS 0x0000000710300000, 0x0000000710300000| Complete 
| 244|0x0000000710400000, 0x0000000710500000, 0x0000000710500000|100%| E|CS|TAMS 0x0000000710400000, 0x0000000710400000| Complete 
| 245|0x0000000710500000, 0x0000000710600000, 0x0000000710600000|100%| E|CS|TAMS 0x0000000710500000, 0x0000000710500000| Complete 
| 246|0x0000000710600000, 0x0000000710700000, 0x0000000710700000|100%| E|CS|TAMS 0x0000000710600000, 0x0000000710600000| Complete 
| 247|0x0000000710700000, 0x0000000710800000, 0x0000000710800000|100%| E|CS|TAMS 0x0000000710700000, 0x0000000710700000| Complete 
| 248|0x0000000710800000, 0x0000000710900000, 0x0000000710900000|100%| E|CS|TAMS 0x0000000710800000, 0x0000000710800000| Complete 
| 249|0x0000000710900000, 0x0000000710a00000, 0x0000000710a00000|100%| E|CS|TAMS 0x0000000710900000, 0x0000000710900000| Complete 
| 250|0x0000000710a00000, 0x0000000710b00000, 0x0000000710b00000|100%| E|CS|TAMS 0x0000000710a00000, 0x0000000710a00000| Complete 
| 251|0x0000000710b00000, 0x0000000710c00000, 0x0000000710c00000|100%| E|CS|TAMS 0x0000000710b00000, 0x0000000710b00000| Complete 
| 252|0x0000000710c00000, 0x0000000710d00000, 0x0000000710d00000|100%| E|CS|TAMS 0x0000000710c00000, 0x0000000710c00000| Complete 
| 253|0x0000000710d00000, 0x0000000710e00000, 0x0000000710e00000|100%| E|CS|TAMS 0x0000000710d00000, 0x0000000710d00000| Complete 
| 254|0x0000000710e00000, 0x0000000710f00000, 0x0000000710f00000|100%| E|CS|TAMS 0x0000000710e00000, 0x0000000710e00000| Complete 
| 255|0x0000000710f00000, 0x0000000711000000, 0x0000000711000000|100%| E|CS|TAMS 0x0000000710f00000, 0x0000000710f00000| Complete 

Card table byte_map: [0x000002aaff200000,0x000002aaffa00000] _byte_map_base: 0x000002aafb9f8000

Marking Bits (Prev, Next): (CMBitMap*) 0x000002aaf3afa128, (CMBitMap*) 0x000002aaf3afa168
 Prev Bits: [0x000002aa8f800000, 0x000002aa937c0000)
 Next Bits: [0x000002aa937c0000, 0x000002aa97780000)

Polling page: 0x000002aaf3b60000

Metaspace:

Usage:
  Non-class:      9.33 MB capacity,     9.14 MB ( 98%) used,   164.82 KB (  2%) free+waste,    26.88 KB ( <1%) overhead. 
      Class:      1.14 MB capacity,     1.03 MB ( 90%) used,   104.38 KB (  9%) free+waste,    15.94 KB (  1%) overhead. 
       Both:     10.48 MB capacity,    10.17 MB ( 97%) used,   269.20 KB (  3%) free+waste,    42.81 KB ( <1%) overhead. 

Virtual space:
  Non-class space:       10.00 MB reserved,       9.50 MB ( 95%) committed 
      Class space:        1.00 GB reserved,       1.25 MB ( <1%) committed 
             Both:        1.01 GB reserved,      10.75 MB (  1%) committed 

Chunk freelists:
   Non-Class:  44.00 KB
       Class:  12.00 KB
        Both:  56.00 KB

MaxMetaspaceSize: 17179869184.00 GB
CompressedClassSpaceSize: 1.00 GB

CodeHeap 'non-profiled nmethods': size=119168Kb used=2331Kb max_used=2331Kb free=116836Kb
 bounds [0x000002aa87ba0000, 0x000002aa87e10000, 0x000002aa8f000000]
CodeHeap 'profiled nmethods': size=119104Kb used=5172Kb max_used=5172Kb free=113931Kb
 bounds [0x000002aa80750000, 0x000002aa80c60000, 0x000002aa87ba0000]
CodeHeap 'non-nmethods': size=7488Kb used=1322Kb max_used=3025Kb free=6165Kb
 bounds [0x000002aa80000000, 0x000002aa80310000, 0x000002aa80750000]
 total_blobs=4548 nmethods=2673 adapters=531
 compilation: enabled
              stopped_count=0, restarted_count=0
 full_count=0

Compilation events (20 events):
Event: 97.321 Thread 0x000002aa9abc3000 2665       4       sun.awt.windows.WToolkit::showOrHideTouchKeyboard (199 bytes)
Event: 97.322 Thread 0x000002aa9abc3000 nmethod 2665 0x000002aa87de2f10 code [0x000002aa87de30a0, 0x000002aa87de3178]
Event: 98.186 Thread 0x000002aa9abc3000 2666       4       javax.swing.JComponent::processMouseMotionEvent (46 bytes)
Event: 98.187 Thread 0x000002aa9abc3000 nmethod 2666 0x000002aa87de3290 code [0x000002aa87de3460, 0x000002aa87de3658]
Event: 98.265 Thread 0x000002aa9abc3000 2667       4       sun.awt.windows.WInputMethod::dispatchEvent (66 bytes)
Event: 98.266 Thread 0x000002aa9abc3000 nmethod 2667 0x000002aa87de3810 code [0x000002aa87de3a00, 0x000002aa87de3c88]
Event: 98.268 Thread 0x000002aa9abc3000 2668       4       java.awt.Container::processEvent (22 bytes)
Event: 98.271 Thread 0x000002aa9abc3000 nmethod 2668 0x000002aa87de3e90 code [0x000002aa87de4120, 0x000002aa87de45d8]
Event: 100.753 Thread 0x000002aa9abc3000 2669       4       com.hibiki.GamePanel::input (10 bytes)
Event: 100.755 Thread 0x000002aa9abc3000 nmethod 2669 0x000002aa87de4910 code [0x000002aa87de4ae0, 0x000002aa87de4d08]
Event: 102.770 Thread 0x000002aa9abc3000 2670       4       com.hibiki.levels.LevelState::check_sort (49 bytes)
Event: 102.772 Thread 0x000002aa9abc3000 nmethod 2670 0x000002aa87de4f10 code [0x000002aa87de5100, 0x000002aa87de5438]
Event: 107.319 Thread 0x000002aa9abc3000 2671       4       com.hibiki.levels.LevelState::input (367 bytes)
Event: 107.331 Thread 0x000002aa9abc3000 nmethod 2671 0x000002aa87de5610 code [0x000002aa87de58e0, 0x000002aa87de6468]
Event: 112.228 Thread 0x000002aa9abe8800 2672       3       java.util.HashMap::hash (20 bytes)
Event: 112.228 Thread 0x000002aa9abe8800 nmethod 2672 0x000002aa80c5c990 code [0x000002aa80c5cb40, 0x000002aa80c5cd48]
Event: 112.228 Thread 0x000002aa9abe8800 2674       3       sun.util.locale.ParseStatus::isError (13 bytes)
Event: 112.229 Thread 0x000002aa9abe8800 nmethod 2674 0x000002aa80c5ce10 code [0x000002aa80c5cfa0, 0x000002aa80c5d118]
Event: 112.229 Thread 0x000002aa9abe8800 2673       1       sun.util.locale.StringTokenIterator::currentEnd (5 bytes)
Event: 112.229 Thread 0x000002aa9abe8800 nmethod 2673 0x000002aa87de6990 code [0x000002aa87de6b20, 0x000002aa87de6bf8]

GC Heap History (20 events):
Event: 0.915 GC heap before
{Heap before GC invocations=0 (full 0):
 garbage-first heap   total 262144K, used 31744K [0x0000000701000000, 0x0000000800000000)
  region size 1024K, 23 young (23552K), 0 survivors (0K)
 Metaspace       used 9089K, capacity 9348K, committed 9600K, reserved 1058816K
  class space    used 990K, capacity 1127K, committed 1152K, reserved 1048576K
}
Event: 0.918 GC heap after
{Heap after GC invocations=1 (full 0):
 garbage-first heap   total 262144K, used 11989K [0x0000000701000000, 0x0000000800000000)
  region size 1024K, 3 young (3072K), 3 survivors (3072K)
 Metaspace       used 9089K, capacity 9348K, committed 9600K, reserved 1058816K
  class space    used 990K, capacity 1127K, committed 1152K, reserved 1048576K
}
Event: 1.650 GC heap before
{Heap before GC invocations=1 (full 0):
 garbage-first heap   total 262144K, used 45781K [0x0000000701000000, 0x0000000800000000)
  region size 1024K, 32 young (32768K), 3 survivors (3072K)
 Metaspace       used 9571K, capacity 9815K, committed 9856K, reserved 1058816K
  class space    used 1005K, capacity 1132K, committed 1152K, reserved 1048576K
}
Event: 1.652 GC heap after
{Heap after GC invocations=2 (full 0):
 garbage-first heap   total 262144K, used 15497K [0x0000000701000000, 0x0000000800000000)
  region size 1024K, 1 young (1024K), 1 survivors (1024K)
 Metaspace       used 9571K, capacity 9815K, committed 9856K, reserved 1058816K
  class space    used 1005K, capacity 1132K, committed 1152K, reserved 1048576K
}
Event: 5.179 GC heap before
{Heap before GC invocations=2 (full 0):
 garbage-first heap   total 262144K, used 193673K [0x0000000701000000, 0x0000000800000000)
  region size 1024K, 153 young (156672K), 1 survivors (1024K)
 Metaspace       used 9892K, capacity 10136K, committed 10368K, reserved 1058816K
  class space    used 1010K, capacity 1132K, committed 1152K, reserved 1048576K
}
Event: 5.180 GC heap after
{Heap after GC invocations=3 (full 0):
 garbage-first heap   total 262144K, used 32681K [0x0000000701000000, 0x0000000800000000)
  region size 1024K, 1 young (1024K), 1 survivors (1024K)
 Metaspace       used 9892K, capacity 10136K, committed 10368K, reserved 1058816K
  class space    used 1010K, capacity 1132K, committed 1152K, reserved 1048576K
}
Event: 18.723 GC heap before
{Heap before GC invocations=3 (full 0):
 garbage-first heap   total 262144K, used 188329K [0x0000000701000000, 0x0000000800000000)
  region size 1024K, 153 young (156672K), 1 survivors (1024K)
 Metaspace       used 9938K, capacity 10264K, committed 10368K, reserved 1058816K
  class space    used 1011K, capacity 1132K, committed 1152K, reserved 1048576K
}
Event: 18.724 GC heap after
{Heap after GC invocations=4 (full 0):
 garbage-first heap   total 262144K, used 32746K [0x0000000701000000, 0x0000000800000000)
  region size 1024K, 1 young (1024K), 1 survivors (1024K)
 Metaspace       used 9938K, capacity 10264K, committed 10368K, reserved 1058816K
  class space    used 1011K, capacity 1132K, committed 1152K, reserved 1048576K
}
Event: 37.170 GC heap before
{Heap before GC invocations=4 (full 0):
 garbage-first heap   total 262144K, used 188394K [0x0000000701000000, 0x0000000800000000)
  region size 1024K, 153 young (156672K), 1 survivors (1024K)
 Metaspace       used 9985K, capacity 10264K, committed 10368K, reserved 1058816K
  class space    used 1013K, capacity 1132K, committed 1152K, reserved 1048576K
}
Event: 37.170 GC heap after
{Heap after GC invocations=5 (full 0):
 garbage-first heap   total 262144K, used 32729K [0x0000000701000000, 0x0000000800000000)
  region size 1024K, 1 young (1024K), 1 survivors (1024K)
 Metaspace       used 9985K, capacity 10264K, committed 10368K, reserved 1058816K
  class space    used 1013K, capacity 1132K, committed 1152K, reserved 1048576K
}
Event: 55.041 GC heap before
{Heap before GC invocations=5 (full 0):
 garbage-first heap   total 262144K, used 196569K [0x0000000701000000, 0x0000000800000000)
  region size 1024K, 153 young (156672K), 1 survivors (1024K)
 Metaspace       used 10008K, capacity 10328K, committed 10368K, reserved 1058816K
  class space    used 1015K, capacity 1132K, committed 1152K, reserved 1048576K
}
Event: 55.041 GC heap after
{Heap after GC invocations=6 (full 0):
 garbage-first heap   total 262144K, used 41312K [0x0000000701000000, 0x0000000800000000)
  region size 1024K, 1 young (1024K), 1 survivors (1024K)
 Metaspace       used 10008K, capacity 10328K, committed 10368K, reserved 1058816K
  class space    used 1015K, capacity 1132K, committed 1152K, reserved 1048576K
}
Event: 65.389 GC heap before
{Heap before GC invocations=6 (full 0):
 garbage-first heap   total 262144K, used 207200K [0x0000000701000000, 0x0000000800000000)
  region size 1024K, 153 young (156672K), 1 survivors (1024K)
 Metaspace       used 10119K, capacity 10392K, committed 10624K, reserved 1058816K
  class space    used 1017K, capacity 1132K, committed 1152K, reserved 1048576K
}
Event: 65.390 GC heap after
{Heap after GC invocations=7 (full 0):
 garbage-first heap   total 262144K, used 41067K [0x0000000701000000, 0x0000000800000000)
  region size 1024K, 1 young (1024K), 1 survivors (1024K)
 Metaspace       used 10119K, capacity 10392K, committed 10624K, reserved 1058816K
  class space    used 1017K, capacity 1132K, committed 1152K, reserved 1048576K
}
Event: 82.289 GC heap before
{Heap before GC invocations=7 (full 0):
 garbage-first heap   total 262144K, used 196715K [0x0000000701000000, 0x0000000800000000)
  region size 1024K, 153 young (156672K), 1 survivors (1024K)
 Metaspace       used 10409K, capacity 10728K, committed 11008K, reserved 1058816K
  class space    used 1051K, capacity 1172K, committed 1280K, reserved 1048576K
}
Event: 82.290 GC heap after
{Heap after GC invocations=8 (full 0):
 garbage-first heap   total 262144K, used 37027K [0x0000000701000000, 0x0000000800000000)
  region size 1024K, 1 young (1024K), 1 survivors (1024K)
 Metaspace       used 10409K, capacity 10728K, committed 11008K, reserved 1058816K
  class space    used 1051K, capacity 1172K, committed 1280K, reserved 1048576K
}
Event: 84.756 GC heap before
{Heap before GC invocations=8 (full 0):
 garbage-first heap   total 262144K, used 225443K [0x0000000701000000, 0x0000000800000000)
  region size 1024K, 153 young (156672K), 1 survivors (1024K)
 Metaspace       used 10412K, capacity 10728K, committed 11008K, reserved 1058816K
  class space    used 1051K, capacity 1172K, committed 1280K, reserved 1048576K
}
Event: 84.757 GC heap after
{Heap after GC invocations=9 (full 0):
 garbage-first heap   total 262144K, used 51454K [0x0000000701000000, 0x0000000800000000)
  region size 1024K, 1 young (1024K), 1 survivors (1024K)
 Metaspace       used 10412K, capacity 10728K, committed 11008K, reserved 1058816K
  class space    used 1051K, capacity 1172K, committed 1280K, reserved 1048576K
}
Event: 103.611 GC heap before
{Heap before GC invocations=9 (full 0):
 garbage-first heap   total 262144K, used 207102K [0x0000000701000000, 0x0000000800000000)
  region size 1024K, 153 young (156672K), 1 survivors (1024K)
 Metaspace       used 10413K, capacity 10728K, committed 11008K, reserved 1058816K
  class space    used 1051K, capacity 1172K, committed 1280K, reserved 1048576K
}
Event: 103.612 GC heap after
{Heap after GC invocations=10 (full 0):
 garbage-first heap   total 262144K, used 36797K [0x0000000701000000, 0x0000000800000000)
  region size 1024K, 1 young (1024K), 1 survivors (1024K)
 Metaspace       used 10413K, capacity 10728K, committed 11008K, reserved 1058816K
  class space    used 1051K, capacity 1172K, committed 1280K, reserved 1048576K
}

Deoptimization events (20 events):
Event: 85.595 Thread 0x000002aa9adad000 Uncommon trap: trap_request=0xffffff45 fr.pc=0x000002aa87bc23bc relative=0x000000000000009c
Event: 85.595 Thread 0x000002aa9adad000 Uncommon trap: reason=unstable_if action=reinterpret pc=0x000002aa87bc23bc method=java.util.HashMap.hash(Ljava/lang/Object;)I @ 1 c2
Event: 85.595 Thread 0x000002aa9adad000 DEOPT PACKING pc=0x000002aa87bc23bc sp=0x000000db8fcfdb70
Event: 85.595 Thread 0x000002aa9adad000 DEOPT UNPACKING pc=0x000002aa8004912f sp=0x000000db8fcfdb08 mode 2
Event: 112.272 Thread 0x000002aa9b25a800 Uncommon trap: trap_request=0xffffff45 fr.pc=0x000002aa87db2230 relative=0x0000000000000990
Event: 112.272 Thread 0x000002aa9b25a800 Uncommon trap: reason=unstable_if action=reinterpret pc=0x000002aa87db2230 method=sun.awt.windows.WWindowPeer.preprocessPostEvent(Ljava/awt/AWTEvent;)V @ 4 c2
Event: 112.272 Thread 0x000002aa9b25a800 DEOPT PACKING pc=0x000002aa87db2230 sp=0x000000db902fbd10
Event: 112.272 Thread 0x000002aa9b25a800 DEOPT UNPACKING pc=0x000002aa8004912f sp=0x000000db902fbcb0 mode 2
Event: 112.274 Thread 0x000002aa9b751800 Uncommon trap: trap_request=0xffffff45 fr.pc=0x000002aa87c3e210 relative=0x0000000000001a50
Event: 112.274 Thread 0x000002aa9b751800 Uncommon trap: reason=unstable_if action=reinterpret pc=0x000002aa87c3e210 method=sun.java2d.pipe.BufferedContext.validate(Lsun/java2d/pipe/hw/AccelSurface;Lsun/java2d/pipe/hw/AccelSurface;Lsun/java2d/pipe/Region;Ljava/awt/Composite;Ljava/awt/geom/AffineT
Event: 112.274 Thread 0x000002aa9b751800 DEOPT PACKING pc=0x000002aa87c3e210 sp=0x000000db918ff150
Event: 112.274 Thread 0x000002aa9b751800 DEOPT UNPACKING pc=0x000002aa8004912f sp=0x000000db918ff0f8 mode 2
Event: 112.274 Thread 0x000002aa9b751800 Uncommon trap: trap_request=0xffffffde fr.pc=0x000002aa87d7f160 relative=0x0000000000001b40
Event: 112.274 Thread 0x000002aa9b751800 Uncommon trap: reason=class_check action=maybe_recompile pc=0x000002aa87d7f160 method=sun.java2d.SurfaceData.validatePipe(Lsun/java2d/SunGraphics2D;)V @ 321 c2
Event: 112.274 Thread 0x000002aa9b751800 DEOPT PACKING pc=0x000002aa87d7f160 sp=0x000000db918ff190
Event: 112.274 Thread 0x000002aa9b751800 DEOPT UNPACKING pc=0x000002aa8004912f sp=0x000000db918ff158 mode 2
Event: 112.274 Thread 0x000002aa9b751800 Uncommon trap: trap_request=0xffffffde fr.pc=0x000002aa87d28728 relative=0x00000000000008c8
Event: 112.274 Thread 0x000002aa9b751800 Uncommon trap: reason=class_check action=maybe_recompile pc=0x000002aa87d28728 method=sun.java2d.pipe.PixelToParallelogramConverter.fillRectangle(Lsun/java2d/SunGraphics2D;DDDD)V @ 230 c2
Event: 112.274 Thread 0x000002aa9b751800 DEOPT PACKING pc=0x000002aa87d28728 sp=0x000000db918ff240
Event: 112.274 Thread 0x000002aa9b751800 DEOPT UNPACKING pc=0x000002aa8004912f sp=0x000000db918ff048 mode 2

Classes unloaded (0 events):
No events

Classes redefined (0 events):
No events

Internal exceptions (19 events):
Event: 0.109 Thread 0x000002aaf3a8d800 Exception <a 'java/lang/ClassNotFoundException'{0x0000000710d08528}: sun/awt/resources/spi/awtProvider> (0x0000000710d08528) 
thrown [./open/src/hotspot/share/classfile/systemDictionary.cpp, line 226]
Event: 0.126 Thread 0x000002aaf3a8d800 Exception <a 'java/io/FileNotFoundException'{0x0000000710d57ec8}> (0x0000000710d57ec8) 
thrown [./open/src/hotspot/share/prims/jni.cpp, line 599]
Event: 0.132 Thread 0x000002aaf3a8d800 Exception <a 'java/io/FileNotFoundException'{0x0000000710df41f0}> (0x0000000710df41f0) 
thrown [./open/src/hotspot/share/prims/jni.cpp, line 599]
Event: 0.170 Thread 0x000002aa9b25a800 Exception <a 'java/lang/NoSuchMethodError'{0x0000000710c7b360}: 'void java.lang.invoke.DirectMethodHandle$Holder.invokeSpecial(java.lang.Object, java.lang.Object)'> (0x0000000710c7b360) 
thrown [./open/src/hotspot/share/interpreter/linkResolver.cpp, line 766]
Event: 0.279 Thread 0x000002aaf3a8d800 Exception <a 'java/lang/NoSuchMethodError'{0x0000000710b20ba8}: 'java.lang.Object java.lang.invoke.DirectMethodHandle$Holder.invokeStatic(java.lang.Object, int, java.lang.Object, java.lang.Object, java.lang.Object, java.lang.Object)'> (0x0000000710b20ba8) 
thrown [./open/src/hotspot/share/interpreter/linkResolver.cpp, line 766]
Event: 0.280 Thread 0x000002aaf3a8d800 Exception <a 'java/lang/NoSuchMethodError'{0x0000000710b274c8}: 'java.lang.Object java.lang.invoke.DirectMethodHandle$Holder.invokeStatic(java.lang.Object, int, java.lang.Object, java.lang.Object, java.lang.Object)'> (0x0000000710b274c8) 
thrown [./open/src/hotspot/share/interpreter/linkResolver.cpp, line 766]
Event: 0.280 Thread 0x000002aaf3a8d800 Exception <a 'java/lang/NoSuchMethodError'{0x0000000710b2ad18}: 'java.lang.Object java.lang.invoke.DirectMethodHandle$Holder.invokeSpecial(java.lang.Object, java.lang.Object, int, java.lang.Object, java.lang.Object, java.lang.Object)'> (0x0000000710b2ad18) 
thrown [./open/src/hotspot/share/interpreter/linkResolver.cpp, line 766]
Event: 0.282 Thread 0x000002aaf3a8d800 Exception <a 'java/lang/NoSuchMethodError'{0x0000000710b410c0}: 'java.lang.Object java.lang.invoke.DirectMethodHandle$Holder.invokeStatic(java.lang.Object, int, java.lang.Object)'> (0x0000000710b410c0) 
thrown [./open/src/hotspot/share/interpreter/linkResolver.cpp, line 766]
Event: 0.300 Thread 0x000002aaf3a8d800 Exception <a 'java/lang/ClassNotFoundException'{0x0000000710be4c50}: com/sun/swing/internal/plaf/metal/resources/spi/metalProvider> (0x0000000710be4c50) 
thrown [./open/src/hotspot/share/classfile/systemDictionary.cpp, line 226]
Event: 0.301 Thread 0x000002aaf3a8d800 Exception <a 'java/lang/ClassNotFoundException'{0x0000000710be90b8}: com/sun/swing/internal/plaf/basic/resources/spi/basicProvider> (0x0000000710be90b8) 
thrown [./open/src/hotspot/share/classfile/systemDictionary.cpp, line 226]
Event: 0.346 Thread 0x000002aaf3a8d800 Exception <a 'java/lang/NoSuchMethodError'{0x0000000710a65508}: 'void java.lang.invoke.DirectMethodHandle$Holder.invokeStaticInit(java.lang.Object)'> (0x0000000710a65508) 
thrown [./open/src/hotspot/share/interpreter/linkResolver.cpp, line 766]
Event: 0.368 Thread 0x000002aaf3a8d800 Exception <a 'java/lang/NoSuchMethodError'{0x0000000710931750}: 'java.lang.Object java.lang.invoke.Invokers$Holder.linkToTargetMethod(java.lang.Object, int, java.lang.Object)'> (0x0000000710931750) 
thrown [./open/src/hotspot/share/interpreter/linkResolver.cpp, line 766]
Event: 0.382 Thread 0x000002aa9b751800 Exception <a 'java/lang/NoSuchMethodError'{0x0000000710983800}: 'int java.lang.invoke.DirectMethodHandle$Holder.invokeSpecialIFC(java.lang.Object, java.lang.Object, int)'> (0x0000000710983800) 
thrown [./open/src/hotspot/share/interpreter/linkResolver.cpp, line 766]
Event: 0.426 Thread 0x000002aa9b7ec800 Exception <a 'java/lang/InterruptedException'{0x00000007107b8200}: sleep interrupted> (0x00000007107b8200) 
thrown [./open/src/hotspot/share/prims/jvm.cpp, line 3048]
Event: 0.816 Thread 0x000002aa9b751800 Implicit null exception at 0x000002aa87be96b5 to 0x000002aa87be97f4
Event: 1.472 Thread 0x000002aa9b25a800 Exception <a 'java/lang/NoSuchMethodError'{0x000000070fe52c68}: 'void java.lang.invoke.DirectMethodHandle$Holder.invokeVirtual(java.lang.Object, java.lang.Object)'> (0x000000070fe52c68) 
thrown [./open/src/hotspot/share/interpreter/linkResolver.cpp, line 766]
Event: 5.244 Thread 0x000002aa9b751800 Implicit null exception at 0x000002aa87c5a231 to 0x000002aa87c5a934
Event: 65.645 Thread 0x000002aa9b751800 Implicit null exception at 0x000002aa87da36a4 to 0x000002aa87da5034
Event: 85.595 Thread 0x000002aa9adad000 Implicit null exception at 0x000002aa87bc232f to 0x000002aa87bc23ad

Events (20 events):
Event: 84.757 Executing VM operation: G1CollectForAllocation done
Event: 84.757 Executing VM operation: HandshakeOneThread
Event: 84.757 Executing VM operation: HandshakeOneThread done
Event: 84.757 Executing VM operation: HandshakeOneThread
Event: 84.757 Executing VM operation: HandshakeOneThread done
Event: 84.757 Executing VM operation: HandshakeOneThread
Event: 84.757 Executing VM operation: HandshakeOneThread done
Event: 85.741 Thread 0x000002aaa1902000 Thread exited: 0x000002aaa1902000
Event: 87.616 Executing VM operation: BulkRevokeBias
Event: 87.616 Executing VM operation: BulkRevokeBias done
Event: 87.617 Executing VM operation: BulkRevokeBias
Event: 87.617 Executing VM operation: BulkRevokeBias done
Event: 103.611 Executing VM operation: G1CollectForAllocation
Event: 103.612 Executing VM operation: G1CollectForAllocation done
Event: 112.272 Executing VM operation: HandshakeOneThread
Event: 112.272 Executing VM operation: HandshakeOneThread done
Event: 112.272 Thread 0x000002aaa1901800 Thread added: 0x000002aaa1901800
Event: 112.272 Thread 0x000002aaa1903800 Thread added: 0x000002aaa1903800
Event: 112.272 Thread 0x000002aaa1901800 Thread exited: 0x000002aaa1901800
Event: 112.272 Thread 0x000002aa9b7fa800 Thread exited: 0x000002aa9b7fa800


Dynamic libraries:
0x00007ff6de9a0000 - 0x00007ff6de9ad000 	D:\.jdks\openjdk-14.0.1\bin\java.exe
0x00007ff8f2520000 - 0x00007ff8f2710000 	C:\Windows\SYSTEM32\ntdll.dll
0x00007ff8f22c0000 - 0x00007ff8f2372000 	C:\Windows\System32\KERNEL32.DLL
0x00007ff8effb0000 - 0x00007ff8f0254000 	C:\Windows\System32\KERNELBASE.dll
0x00007ff8efc30000 - 0x00007ff8efd2a000 	C:\Windows\System32\ucrtbase.dll
0x00007ff8de230000 - 0x00007ff8de248000 	D:\.jdks\openjdk-14.0.1\bin\jli.dll
0x00007ff8de250000 - 0x00007ff8de265000 	D:\.jdks\openjdk-14.0.1\bin\VCRUNTIME140.dll
0x00007ff8f0bf0000 - 0x00007ff8f0d84000 	C:\Windows\System32\USER32.dll
0x00007ff8e2f20000 - 0x00007ff8e31a4000 	C:\Windows\WinSxS\amd64_microsoft.windows.common-controls_6595b64144ccf1df_6.0.18362.959_none_e6c7bbbf130c62bb\COMCTL32.dll
0x00007ff8eff30000 - 0x00007ff8eff51000 	C:\Windows\System32\win32u.dll
0x00007ff8f0d90000 - 0x00007ff8f0e2e000 	C:\Windows\System32\msvcrt.dll
0x00007ff8f1710000 - 0x00007ff8f1736000 	C:\Windows\System32\GDI32.dll
0x00007ff8f0310000 - 0x00007ff8f04a6000 	C:\Windows\System32\gdi32full.dll
0x00007ff8f06d0000 - 0x00007ff8f0a05000 	C:\Windows\System32\combase.dll
0x00007ff8f04b0000 - 0x00007ff8f054e000 	C:\Windows\System32\msvcp_win.dll
0x00007ff8f13d0000 - 0x00007ff8f14f0000 	C:\Windows\System32\RPCRT4.dll
0x00007ff8f0550000 - 0x00007ff8f05d0000 	C:\Windows\System32\bcryptPrimitives.dll
0x00007ff8f1300000 - 0x00007ff8f132e000 	C:\Windows\System32\IMM32.DLL
0x00007ff8dc940000 - 0x00007ff8dc9db000 	D:\.jdks\openjdk-14.0.1\bin\msvcp140.dll
0x00007ff88a2a0000 - 0x00007ff88adbe000 	D:\.jdks\openjdk-14.0.1\bin\server\jvm.dll
0x00007ff8f17c0000 - 0x00007ff8f1863000 	C:\Windows\System32\ADVAPI32.dll
0x00007ff8f1330000 - 0x00007ff8f13c7000 	C:\Windows\System32\sechost.dll
0x00007ff8f0a80000 - 0x00007ff8f0a88000 	C:\Windows\System32\PSAPI.DLL
0x00007ff8ebdd0000 - 0x00007ff8ebdd9000 	C:\Windows\SYSTEM32\WSOCK32.dll
0x00007ff8ed330000 - 0x00007ff8ed354000 	C:\Windows\SYSTEM32\WINMM.dll
0x00007ff8e82d0000 - 0x00007ff8e82da000 	C:\Windows\SYSTEM32\VERSION.dll
0x00007ff8f15d0000 - 0x00007ff8f163f000 	C:\Windows\System32\WS2_32.dll
0x00007ff8eceb0000 - 0x00007ff8ecedd000 	C:\Windows\SYSTEM32\winmmbase.dll
0x00007ff8eff60000 - 0x00007ff8effaa000 	C:\Windows\System32\cfgmgr32.dll
0x00007ff8ef460000 - 0x00007ff8ef471000 	C:\Windows\System32\kernel.appcore.dll
0x00007ff8de1d0000 - 0x00007ff8de1da000 	D:\.jdks\openjdk-14.0.1\bin\jimage.dll
0x00007ff8e8d70000 - 0x00007ff8e8f64000 	C:\Windows\SYSTEM32\DBGHELP.DLL
0x00007ff8dd5b0000 - 0x00007ff8dd5da000 	C:\Windows\SYSTEM32\dbgcore.DLL
0x00007ff8dcb90000 - 0x00007ff8dcb9e000 	D:\.jdks\openjdk-14.0.1\bin\instrument.dll
0x00007ff8de1a0000 - 0x00007ff8de1c5000 	D:\.jdks\openjdk-14.0.1\bin\java.dll
0x00007ff8dcba0000 - 0x00007ff8dcbb6000 	D:\.jdks\openjdk-14.0.1\bin\zip.dll
0x00007ff8f1a20000 - 0x00007ff8f2106000 	C:\Windows\System32\SHELL32.dll
0x00007ff8f2380000 - 0x00007ff8f2429000 	C:\Windows\System32\shcore.dll
0x00007ff8ef4a0000 - 0x00007ff8efc22000 	C:\Windows\System32\windows.storage.dll
0x00007ff8ef430000 - 0x00007ff8ef453000 	C:\Windows\System32\profapi.dll
0x00007ff8ef3e0000 - 0x00007ff8ef42a000 	C:\Windows\System32\powrprof.dll
0x00007ff8ef3d0000 - 0x00007ff8ef3e0000 	C:\Windows\System32\UMPDC.dll
0x00007ff8f0e30000 - 0x00007ff8f0e82000 	C:\Windows\System32\shlwapi.dll
0x00007ff8efdc0000 - 0x00007ff8efdd7000 	C:\Windows\System32\cryptsp.dll
0x00007ff8dcb40000 - 0x00007ff8dcb59000 	D:\.jdks\openjdk-14.0.1\bin\net.dll
0x00007ff8e5960000 - 0x00007ff8e5a50000 	C:\Windows\SYSTEM32\WINHTTP.dll
0x00007ff8eec40000 - 0x00007ff8eeca7000 	C:\Windows\system32\mswsock.dll
0x00007ff8dc920000 - 0x00007ff8dc932000 	D:\.jdks\openjdk-14.0.1\bin\nio.dll
0x00007ff8dc910000 - 0x00007ff8dc920000 	D:\.jdks\openjdk-14.0.1\bin\verify.dll
0x00007ff8dc8f0000 - 0x00007ff8dc90a000 	C:\Program Files\JetBrains\IntelliJ IDEA Community Edition 2020.1.2\bin\breakgen64.dll
0x00007ff898910000 - 0x00007ff898aa7000 	D:\.jdks\openjdk-14.0.1\bin\awt.dll
0x00007ff8f1500000 - 0x00007ff8f15c5000 	C:\Windows\System32\OLEAUT32.dll
0x00007ff8ed560000 - 0x00007ff8ed5ef000 	C:\Windows\SYSTEM32\apphelp.dll
0x00007ff8edb70000 - 0x00007ff8edb9d000 	C:\Windows\system32\DWMAPI.DLL
0x00007ff8ed6c0000 - 0x00007ff8ed759000 	C:\Windows\system32\uxtheme.dll
0x00007ff8b8c90000 - 0x00007ff8b8de6000 	C:\Windows\system32\opengl32.dll
0x00007ff8b87b0000 - 0x00007ff8b87dc000 	C:\Windows\SYSTEM32\GLU32.dll
0x00007ff8ee040000 - 0x00007ff8ee060000 	C:\Windows\SYSTEM32\dxcore.dll
0x00007ff8f2110000 - 0x00007ff8f2245000 	C:\Windows\System32\MSCTF.dll
0x00007ff8f0a90000 - 0x00007ff8f0be7000 	C:\Windows\System32\ole32.dll
0x00007ff8c3f70000 - 0x00007ff8c4137000 	C:\Windows\system32\d3d9.dll
0x00007ff8e82e0000 - 0x00007ff8e84bb000 	C:\Windows\System32\DriverStore\FileRepository\u0355166.inf_amd64_b850e0f0c3bce936\B355483\aticfx64.dll
0x00007ff8b0480000 - 0x00007ff8b04b3000 	C:\Windows\System32\DriverStore\FileRepository\u0355166.inf_amd64_b850e0f0c3bce936\B355483\atiu9p64.dll
0x00007ff899660000 - 0x00007ff89a2f6000 	C:\Windows\System32\DriverStore\FileRepository\u0355166.inf_amd64_b850e0f0c3bce936\B355483\atiumd64.dll
0x000000006b6a0000 - 0x000000006c51d000 	C:\Windows\System32\DriverStore\FileRepository\u0355166.inf_amd64_b850e0f0c3bce936\B355483\atiumd6a.dll
0x00007ff8e6960000 - 0x00007ff8e698f000 	C:\Windows\SYSTEM32\amdihk64.dll
0x00007ff8d9ec0000 - 0x00007ff8d9f42000 	D:\.jdks\openjdk-14.0.1\bin\freetype.dll
0x00007ff8c8000000 - 0x00007ff8c80a6000 	D:\.jdks\openjdk-14.0.1\bin\fontmanager.dll
0x00007ff8e5be0000 - 0x00007ff8e5c7e000 	C:\Windows\System32\TextInputFramework.dll
0x00007ff8eb030000 - 0x00007ff8eb35a000 	C:\Windows\System32\CoreUIComponents.dll
0x00007ff8ecee0000 - 0x00007ff8ecfb4000 	C:\Windows\System32\CoreMessaging.dll
0x00007ff8ee430000 - 0x00007ff8ee461000 	C:\Windows\SYSTEM32\ntmarta.dll
0x00007ff8eab10000 - 0x00007ff8eac63000 	C:\Windows\SYSTEM32\wintypes.dll
0x00007ff8de8c0000 - 0x00007ff8de925000 	C:\Windows\system32\Oleacc.dll
0x00007ff8e45b0000 - 0x00007ff8e4856000 	C:\Windows\System32\iertutil.dll
0x00007ff8dc8b0000 - 0x00007ff8dc8c1000 	D:\.jdks\openjdk-14.0.1\bin\jsound.dll
0x00007ff8b1420000 - 0x00007ff8b14b9000 	C:\Windows\SYSTEM32\DSOUND.dll
0x00007ff8f2430000 - 0x00007ff8f24d2000 	C:\Windows\System32\clbcatq.dll
0x00007ff8e6000000 - 0x00007ff8e6072000 	C:\Windows\System32\MMDevApi.dll
0x00007ff8ef1d0000 - 0x00007ff8ef1fa000 	C:\Windows\System32\DEVOBJ.dll
0x00007ff8c9390000 - 0x00007ff8c93d4000 	C:\Windows\SYSTEM32\wdmaud.drv
0x00007ff8c31c0000 - 0x00007ff8c31c9000 	C:\Windows\SYSTEM32\ksuser.dll
0x00007ff8eb7a0000 - 0x00007ff8eb7aa000 	C:\Windows\SYSTEM32\AVRT.dll
0x00007ff8dd280000 - 0x00007ff8dd3dd000 	C:\Windows\SYSTEM32\AUDIOSES.DLL
0x00007ff8d8300000 - 0x00007ff8d830d000 	C:\Windows\SYSTEM32\msacm32.drv
0x00007ff8b21b0000 - 0x00007ff8b21cc000 	C:\Windows\SYSTEM32\MSACM32.dll
0x00007ff8d1df0000 - 0x00007ff8d1dfa000 	C:\Windows\SYSTEM32\midimap.dll
0x00007ff8eda80000 - 0x00007ff8eda94000 	C:\Windows\SYSTEM32\resourcepolicyclient.dll
0x00007ff8e5c80000 - 0x00007ff8e5dd1000 	C:\Windows\System32\Windows.UI.dll
0x00007ff8e5ac0000 - 0x00007ff8e5bdb000 	C:\Windows\System32\InputHost.dll
0x00007ff8ebac0000 - 0x00007ff8ebbb0000 	C:\Windows\System32\PROPSYS.dll

dbghelp: loaded successfully - version: 4.0.5 - missing functions: none
symbol engine: initialized successfully - sym options: 0x614 - pdb path: .;D:\.jdks\openjdk-14.0.1\bin;C:\Windows\SYSTEM32;C:\Windows\WinSxS\amd64_microsoft.windows.common-controls_6595b64144ccf1df_6.0.18362.959_none_e6c7bbbf130c62bb;D:\.jdks\openjdk-14.0.1\bin\server;C:\Program Files\JetBrains\IntelliJ IDEA Community Edition 2020.1.2\bin;C:\Windows\System32\DriverStore\FileRepository\u0355166.inf_amd64_b850e0f0c3bce936\B355483

VM Arguments:
jvm_args: -javaagent:C:\Program Files\JetBrains\IntelliJ IDEA Community Edition 2020.1.2\lib\idea_rt.jar=52531:C:\Program Files\JetBrains\IntelliJ IDEA Community Edition 2020.1.2\bin -Dfile.encoding=UTF-8 
java_command: com.hibiki.GameLauncher
java_class_path (initial): C:\Users\stefl\Desktop\Hentai Game\out\production\Hentai Game;C:\Users\stefl\Desktop\Hentai Game\src\com\hibiki\util\json_lib.jar
Launcher Type: SUN_STANDARD

[Global flags]
     intx CICompilerCount                          = 12                                        {product} {ergonomic}
     uint ConcGCThreads                            = 3                                         {product} {ergonomic}
     uint G1ConcRefinementThreads                  = 13                                        {product} {ergonomic}
   size_t G1HeapRegionSize                         = 1048576                                   {product} {ergonomic}
    uintx GCDrainStackTargetSize                   = 64                                        {product} {ergonomic}
   size_t InitialHeapSize                          = 268435456                                 {product} {ergonomic}
   size_t MarkStackSize                            = 4194304                                   {product} {ergonomic}
   size_t MaxHeapSize                              = 4278190080                                {product} {ergonomic}
   size_t MaxNewSize                               = 2566914048                                {product} {ergonomic}
   size_t MinHeapDeltaBytes                        = 1048576                                   {product} {ergonomic}
   size_t MinHeapSize                              = 8388608                                   {product} {ergonomic}
    uintx NonNMethodCodeHeapSize                   = 7602480                                {pd product} {ergonomic}
    uintx NonProfiledCodeHeapSize                  = 122027880                              {pd product} {ergonomic}
    uintx ProfiledCodeHeapSize                     = 122027880                              {pd product} {ergonomic}
    uintx ReservedCodeCacheSize                    = 251658240                              {pd product} {ergonomic}
     bool SegmentedCodeCache                       = true                                      {product} {ergonomic}
   size_t SoftMaxHeapSize                          = 4278190080                             {manageable} {ergonomic}
     bool UseCompressedClassPointers               = true                                 {lp64_product} {ergonomic}
     bool UseCompressedOops                        = true                                 {lp64_product} {ergonomic}
     bool UseG1GC                                  = true                                      {product} {ergonomic}
     bool UseLargePagesIndividualAllocation        = false                                  {pd product} {ergonomic}

Logging:
Log output configuration:
 #0: stdout all=warning uptime,level,tags
 #1: stderr all=off uptime,level,tags

Environment Variables:
PATH=C:\Program Files (x86)\ActiveState Komodo Edit 12\;C:\Program Files (x86)\Common Files\Oracle\Java\javapath;C:\Program Files (x86)\NVIDIA Corporation\PhysX\Common;C:\Windows\system32;C:\Windows;C:\Windows\System32\Wbem;C:\Windows\System32\WindowsPowerShell\v1.0\;C:\Windows\System32\OpenSSH\;C:\Program Files\Intel\WiFi\bin\;C:\Program Files\Common Files\Intel\WirelessCommon\;C:\Program Files\nodejs\;C:\xampp\php;C:\ProgramData\ComposerSetup\bin;C:\Program Files\dotnet\;C:\Program Files\Microsoft SQL Server\130\Tools\Binn\;C:\Program Files\Microsoft SQL Server\Client SDK\ODBC\170\Tools\Binn\;C:\Users\stefl\AppData\Local\Programs\Python\Python38\Scripts\;C:\Users\stefl\AppData\Local\Programs\Python\Python38\;C:\Program Files (x86)\Common Files\Oracle\Java\javapath;C:\Program Files (x86)\NVIDIA Corporation\PhysX\Common;C:\Windows\system32;C:\Windows;C:\Windows\System32\Wbem;C:\Windows\System32\WindowsPowerShell\v1.0\;C:\Windows\System32\OpenSSH\;C:\Program Files\Intel\WiFi\bin\;C:\Program Files\Common Files\Intel\WirelessCommon\;C:\Program Files\nodejs\;C:\Users\stefl\AppData\Local\Programs\Python\Python38\Scripts\;C:\Users\stefl\AppData\Local\Programs\Python\Python38\;C:\Program Files (x86)\Common Files\Oracle\Java\javapath;C:\Program Files (x86)\NVIDIA Corporation\PhysX\Common;C:\Windows\system32;C:\Windows;C:\Windows\System32\Wbem;C:\Windows\System32\WindowsPowerShell\v1.0\;C:\Windows\System32\OpenSSH\;C:\Program Files\Intel\WiFi\bin\;C:\Program Files\Common Files\Intel\WirelessCommon\;C:\Program Files\nodejs\;C:\Users\stefl\AppData\Roaming\Python\Python38\Scripts;C:\Users\stefl\AppData\Local\Pr
USERNAME=stefl
OS=Windows_NT
PROCESSOR_IDENTIFIER=AMD64 Family 23 Model 8 Stepping 2, AuthenticAMD



---------------  S Y S T E M  ---------------

OS: Windows 10 , 64 bit Build 18362 (10.0.18362.959)
OS uptime: 0 days 1:32 hours

CPU:total 16 (initial active 16) (16 cores per cpu, 2 threads per core) family 23 model 8 stepping 2, cmov, cx8, fxsr, mmx, sse, sse2, sse3, ssse3, sse4.1, sse4.2, popcnt, avx, avx2, aes, clmul, mmxext, 3dnowpref, lzcnt, sse4a, ht, tsc, tscinvbit, tscinv, bmi1, bmi2, adx, sha, fma

Memory: 4k page, system-wide physical 16314M (9046M free)
TotalPageFile size 20922M (AvailPageFile size 8954M)
current process WorkingSet (physical memory assigned to process): 322M, peak: 351M
current process commit charge ("private bytes"): 453M, peak: 504M

vm_info: OpenJDK 64-Bit Server VM (14.0.1+7) for windows-amd64 JRE (14.0.1+7), built on Mar  5 2020 10:30:04 by "mach5one" with MS VC++ 15.9 (VS2017)

END.
